  PaperSticher.cpp
D:\PaperSticher\PaperSticher\PaperSticher.cpp(1,1): warning C4828: 文件包含在偏移 0xa0 处开始的字符，该字符在当前源字符集中无效(代码页 65001)。
D:\PaperSticher\PaperSticher\PaperSticher.cpp(1,1): warning C4828: 文件包含在偏移 0xa1 处开始的字符，该字符在当前源字符集中无效(代码页 65001)。
D:\PaperSticher\PaperSticher\PaperSticher.cpp(1,1): warning C4828: 文件包含在偏移 0xa2 处开始的字符，该字符在当前源字符集中无效(代码页 65001)。
D:\PaperSticher\PaperSticher\PaperSticher.cpp(1,1): warning C4828: 文件包含在偏移 0xa3 处开始的字符，该字符在当前源字符集中无效(代码页 65001)。
D:\PaperSticher\PaperSticher\PaperSticher.cpp(1,1): warning C4828: 文件包含在偏移 0xa4 处开始的字符，该字符在当前源字符集中无效(代码页 65001)。
D:\PaperSticher\PaperSticher\PaperSticher.cpp(1,1): warning C4828: 文件包含在偏移 0xa6 处开始的字符，该字符在当前源字符集中无效(代码页 65001)。
D:\PaperSticher\PaperSticher\PaperSticher.cpp(1,1): warning C4828: 文件包含在偏移 0xa8 处开始的字符，该字符在当前源字符集中无效(代码页 65001)。
D:\PaperSticher\PaperSticher\PaperSticher.cpp(1,1): warning C4828: 文件包含在偏移 0xa9 处开始的字符，该字符在当前源字符集中无效(代码页 65001)。
D:\PaperSticher\PaperSticher\PaperSticher.cpp(1,1): warning C4828: 文件包含在偏移 0xad 处开始的字符，该字符在当前源字符集中无效(代码页 65001)。
D:\PaperSticher\PaperSticher\PaperSticher.cpp(1,1): warning C4828: 文件包含在偏移 0xae 处开始的字符，该字符在当前源字符集中无效(代码页 65001)。
D:\PaperSticher\PaperSticher\PaperSticher.cpp(1,1): warning C4828: 文件包含在偏移 0xb0 处开始的字符，该字符在当前源字符集中无效(代码页 65001)。
D:\PaperSticher\PaperSticher\PaperSticher.cpp(1,1): warning C4828: 文件包含在偏移 0xb1 处开始的字符，该字符在当前源字符集中无效(代码页 65001)。
D:\PaperSticher\PaperSticher\PaperSticher.cpp(1,1): warning C4828: 文件包含在偏移 0xb3 处开始的字符，该字符在当前源字符集中无效(代码页 65001)。
D:\PaperSticher\PaperSticher\PaperSticher.cpp(1,1): warning C4828: 文件包含在偏移 0xb4 处开始的字符，该字符在当前源字符集中无效(代码页 65001)。
D:\PaperSticher\PaperSticher\PaperSticher.cpp(1,1): warning C4828: 文件包含在偏移 0xb6 处开始的字符，该字符在当前源字符集中无效(代码页 65001)。
D:\PaperSticher\PaperSticher\PaperSticher.cpp(1,1): warning C4828: 文件包含在偏移 0xb7 处开始的字符，该字符在当前源字符集中无效(代码页 65001)。
D:\PaperSticher\PaperSticher\PaperSticher.cpp(1,1): warning C4828: 文件包含在偏移 0xd3 处开始的字符，该字符在当前源字符集中无效(代码页 65001)。
D:\PaperSticher\PaperSticher\PaperSticher.cpp(1,1): warning C4828: 文件包含在偏移 0xd4 处开始的字符，该字符在当前源字符集中无效(代码页 65001)。
D:\PaperSticher\PaperSticher\PaperSticher.cpp(1,1): warning C4828: 文件包含在偏移 0xd5 处开始的字符，该字符在当前源字符集中无效(代码页 65001)。
D:\PaperSticher\PaperSticher\PaperSticher.cpp(1,1): warning C4828: 文件包含在偏移 0xd6 处开始的字符，该字符在当前源字符集中无效(代码页 65001)。
D:\PaperSticher\PaperSticher\PaperSticher.cpp(1,1): warning C4828: 文件包含在偏移 0xd7 处开始的字符，该字符在当前源字符集中无效(代码页 65001)。
D:\PaperSticher\PaperSticher\PaperSticher.cpp(1,1): warning C4828: 文件包含在偏移 0xd9 处开始的字符，该字符在当前源字符集中无效(代码页 65001)。
D:\PaperSticher\PaperSticher\PaperSticher.cpp(1,1): warning C4828: 文件包含在偏移 0xda 处开始的字符，该字符在当前源字符集中无效(代码页 65001)。
D:\PaperSticher\PaperSticher\PaperSticher.cpp(1,1): warning C4828: 文件包含在偏移 0xdb 处开始的字符，该字符在当前源字符集中无效(代码页 65001)。
D:\PaperSticher\PaperSticher\PaperSticher.cpp(1,1): warning C4828: 文件包含在偏移 0xdd 处开始的字符，该字符在当前源字符集中无效(代码页 65001)。
D:\PaperSticher\PaperSticher\PaperSticher.cpp(1,1): warning C4828: 文件包含在偏移 0xdf 处开始的字符，该字符在当前源字符集中无效(代码页 65001)。
D:\PaperSticher\PaperSticher\PaperSticher.cpp(1,1): warning C4828: 文件包含在偏移 0xe0 处开始的字符，该字符在当前源字符集中无效(代码页 65001)。
D:\PaperSticher\PaperSticher\PaperSticher.cpp(1,1): warning C4828: 文件包含在偏移 0xe2 处开始的字符，该字符在当前源字符集中无效(代码页 65001)。
D:\PaperSticher\PaperSticher\PaperSticher.cpp(1,1): warning C4828: 文件包含在偏移 0xe8 处开始的字符，该字符在当前源字符集中无效(代码页 65001)。
D:\PaperSticher\PaperSticher\PaperSticher.cpp(1,1): warning C4828: 文件包含在偏移 0x146 处开始的字符，该字符在当前源字符集中无效(代码页 65001)。
D:\PaperSticher\PaperSticher\PaperSticher.cpp(1,1): warning C4828: 文件包含在偏移 0x148 处开始的字符，该字符在当前源字符集中无效(代码页 65001)。
D:\PaperSticher\PaperSticher\PaperSticher.cpp(1,1): warning C4828: 文件包含在偏移 0x14a 处开始的字符，该字符在当前源字符集中无效(代码页 65001)。
D:\PaperSticher\PaperSticher\PaperSticher.cpp(1,1): warning C4828: 文件包含在偏移 0x14b 处开始的字符，该字符在当前源字符集中无效(代码页 65001)。
D:\PaperSticher\PaperSticher\PaperSticher.cpp(1,1): warning C4828: 文件包含在偏移 0x16c 处开始的字符，该字符在当前源字符集中无效(代码页 65001)。
D:\PaperSticher\PaperSticher\PaperSticher.cpp(1,1): warning C4828: 文件包含在偏移 0x172 处开始的字符，该字符在当前源字符集中无效(代码页 65001)。
D:\PaperSticher\PaperSticher\PaperSticher.cpp(1,1): warning C4828: 文件包含在偏移 0x173 处开始的字符，该字符在当前源字符集中无效(代码页 65001)。
D:\PaperSticher\PaperSticher\PaperSticher.cpp(1,1): warning C4828: 文件包含在偏移 0x175 处开始的字符，该字符在当前源字符集中无效(代码页 65001)。
D:\PaperSticher\PaperSticher\PaperSticher.cpp(1,1): warning C4828: 文件包含在偏移 0x189 处开始的字符，该字符在当前源字符集中无效(代码页 65001)。
D:\PaperSticher\PaperSticher\PaperSticher.cpp(1,1): warning C4828: 文件包含在偏移 0x18a 处开始的字符，该字符在当前源字符集中无效(代码页 65001)。
D:\PaperSticher\PaperSticher\PaperSticher.cpp(1,1): warning C4828: 文件包含在偏移 0x18b 处开始的字符，该字符在当前源字符集中无效(代码页 65001)。
D:\PaperSticher\PaperSticher\PaperSticher.cpp(1,1): warning C4828: 文件包含在偏移 0x18c 处开始的字符，该字符在当前源字符集中无效(代码页 65001)。
D:\PaperSticher\PaperSticher\PaperSticher.cpp(1,1): warning C4828: 文件包含在偏移 0x193 处开始的字符，该字符在当前源字符集中无效(代码页 65001)。
D:\PaperSticher\PaperSticher\PaperSticher.cpp(1,1): warning C4828: 文件包含在偏移 0x195 处开始的字符，该字符在当前源字符集中无效(代码页 65001)。
D:\PaperSticher\PaperSticher\PaperSticher.cpp(1,1): warning C4828: 文件包含在偏移 0x196 处开始的字符，该字符在当前源字符集中无效(代码页 65001)。
D:\PaperSticher\PaperSticher\PaperSticher.cpp(1,1): warning C4828: 文件包含在偏移 0x197 处开始的字符，该字符在当前源字符集中无效(代码页 65001)。
D:\PaperSticher\PaperSticher\PaperSticher.cpp(1,1): warning C4828: 文件包含在偏移 0x198 处开始的字符，该字符在当前源字符集中无效(代码页 65001)。
D:\PaperSticher\PaperSticher\PaperSticher.cpp(1,1): warning C4828: 文件包含在偏移 0x1ab 处开始的字符，该字符在当前源字符集中无效(代码页 65001)。
D:\PaperSticher\PaperSticher\PaperSticher.cpp(1,1): warning C4828: 文件包含在偏移 0x1ad 处开始的字符，该字符在当前源字符集中无效(代码页 65001)。
D:\PaperSticher\PaperSticher\PaperSticher.cpp(1,1): warning C4828: 文件包含在偏移 0x1ae 处开始的字符，该字符在当前源字符集中无效(代码页 65001)。
D:\PaperSticher\PaperSticher\PaperSticher.cpp(1,1): warning C4828: 文件包含在偏移 0x1af 处开始的字符，该字符在当前源字符集中无效(代码页 65001)。
D:\PaperSticher\PaperSticher\PaperSticher.cpp(1,1): warning C4828: 文件包含在偏移 0x1b0 处开始的字符，该字符在当前源字符集中无效(代码页 65001)。
D:\PaperSticher\PaperSticher\PaperSticher.cpp(1,1): warning C4828: 文件包含在偏移 0x1b2 处开始的字符，该字符在当前源字符集中无效(代码页 65001)。
D:\PaperSticher\PaperSticher\PaperSticher.cpp(1,1): warning C4828: 文件包含在偏移 0x1b4 处开始的字符，该字符在当前源字符集中无效(代码页 65001)。
D:\PaperSticher\PaperSticher\PaperSticher.cpp(1,1): warning C4828: 文件包含在偏移 0x1b9 处开始的字符，该字符在当前源字符集中无效(代码页 65001)。
D:\PaperSticher\PaperSticher\PaperSticher.cpp(1,1): warning C4828: 文件包含在偏移 0x1e2 处开始的字符，该字符在当前源字符集中无效(代码页 65001)。
D:\PaperSticher\PaperSticher\PaperSticher.cpp(1,1): warning C4828: 文件包含在偏移 0x1e6 处开始的字符，该字符在当前源字符集中无效(代码页 65001)。
D:\PaperSticher\PaperSticher\PaperSticher.cpp(1,1): warning C4828: 文件包含在偏移 0x1e7 处开始的字符，该字符在当前源字符集中无效(代码页 65001)。
D:\PaperSticher\PaperSticher\PaperSticher.cpp(1,1): warning C4828: 文件包含在偏移 0x1e9 处开始的字符，该字符在当前源字符集中无效(代码页 65001)。
D:\PaperSticher\PaperSticher\PaperSticher.cpp(1,1): warning C4828: 文件包含在偏移 0x28b 处开始的字符，该字符在当前源字符集中无效(代码页 65001)。
D:\PaperSticher\PaperSticher\PaperSticher.cpp(1,1): warning C4828: 文件包含在偏移 0x28c 处开始的字符，该字符在当前源字符集中无效(代码页 65001)。
D:\PaperSticher\PaperSticher\PaperSticher.cpp(1,1): warning C4828: 文件包含在偏移 0x290 处开始的字符，该字符在当前源字符集中无效(代码页 65001)。
D:\PaperSticher\PaperSticher\PaperSticher.cpp(1,1): warning C4828: 文件包含在偏移 0x291 处开始的字符，该字符在当前源字符集中无效(代码页 65001)。
D:\PaperSticher\PaperSticher\PaperSticher.cpp(1,1): warning C4828: 文件包含在偏移 0x2eb 处开始的字符，该字符在当前源字符集中无效(代码页 65001)。
D:\PaperSticher\PaperSticher\PaperSticher.cpp(1,1): warning C4828: 文件包含在偏移 0x2ec 处开始的字符，该字符在当前源字符集中无效(代码页 65001)。
D:\PaperSticher\PaperSticher\PaperSticher.cpp(1,1): warning C4828: 文件包含在偏移 0x2ee 处开始的字符，该字符在当前源字符集中无效(代码页 65001)。
D:\PaperSticher\PaperSticher\PaperSticher.cpp(1,1): warning C4828: 文件包含在偏移 0x2f1 处开始的字符，该字符在当前源字符集中无效(代码页 65001)。
D:\PaperSticher\PaperSticher\PaperSticher.cpp(1,1): warning C4828: 文件包含在偏移 0x2f2 处开始的字符，该字符在当前源字符集中无效(代码页 65001)。
D:\PaperSticher\PaperSticher\PaperSticher.cpp(1,1): warning C4828: 文件包含在偏移 0x2f5 处开始的字符，该字符在当前源字符集中无效(代码页 65001)。
D:\PaperSticher\PaperSticher\PaperSticher.cpp(1,1): warning C4828: 文件包含在偏移 0x2f8 处开始的字符，该字符在当前源字符集中无效(代码页 65001)。
D:\PaperSticher\PaperSticher\PaperSticher.cpp(1,1): warning C4828: 文件包含在偏移 0x2f9 处开始的字符，该字符在当前源字符集中无效(代码页 65001)。
D:\PaperSticher\PaperSticher\PaperSticher.cpp(1,1): warning C4828: 文件包含在偏移 0x2fa 处开始的字符，该字符在当前源字符集中无效(代码页 65001)。
D:\PaperSticher\PaperSticher\PaperSticher.cpp(1,1): warning C4828: 文件包含在偏移 0x2fc 处开始的字符，该字符在当前源字符集中无效(代码页 65001)。
D:\PaperSticher\PaperSticher\PaperSticher.cpp(1,1): warning C4828: 文件包含在偏移 0x2fd 处开始的字符，该字符在当前源字符集中无效(代码页 65001)。
D:\PaperSticher\PaperSticher\PaperSticher.cpp(1,1): warning C4828: 文件包含在偏移 0x300 处开始的字符，该字符在当前源字符集中无效(代码页 65001)。
D:\PaperSticher\PaperSticher\PaperSticher.cpp(1,1): warning C4828: 文件包含在偏移 0x359 处开始的字符，该字符在当前源字符集中无效(代码页 65001)。
D:\PaperSticher\PaperSticher\PaperSticher.cpp(1,1): warning C4828: 文件包含在偏移 0x35b 处开始的字符，该字符在当前源字符集中无效(代码页 65001)。
D:\PaperSticher\PaperSticher\PaperSticher.cpp(1,1): warning C4828: 文件包含在偏移 0x35c 处开始的字符，该字符在当前源字符集中无效(代码页 65001)。
D:\PaperSticher\PaperSticher\PaperSticher.cpp(1,1): warning C4828: 文件包含在偏移 0x35f 处开始的字符，该字符在当前源字符集中无效(代码页 65001)。
D:\PaperSticher\PaperSticher\PaperSticher.cpp(1,1): warning C4828: 文件包含在偏移 0x361 处开始的字符，该字符在当前源字符集中无效(代码页 65001)。
D:\PaperSticher\PaperSticher\PaperSticher.cpp(1,1): warning C4828: 文件包含在偏移 0x362 处开始的字符，该字符在当前源字符集中无效(代码页 65001)。
D:\PaperSticher\PaperSticher\PaperSticher.cpp(1,1): warning C4828: 文件包含在偏移 0x365 处开始的字符，该字符在当前源字符集中无效(代码页 65001)。
D:\PaperSticher\PaperSticher\PaperSticher.cpp(1,1): warning C4828: 文件包含在偏移 0x366 处开始的字符，该字符在当前源字符集中无效(代码页 65001)。
D:\PaperSticher\PaperSticher\PaperSticher.cpp(1,1): warning C4828: 文件包含在偏移 0x5ce 处开始的字符，该字符在当前源字符集中无效(代码页 65001)。
D:\PaperSticher\PaperSticher\PaperSticher.cpp(1,1): warning C4828: 文件包含在偏移 0x5cf 处开始的字符，该字符在当前源字符集中无效(代码页 65001)。
D:\PaperSticher\PaperSticher\PaperSticher.cpp(1,1): warning C4828: 文件包含在偏移 0x5d0 处开始的字符，该字符在当前源字符集中无效(代码页 65001)。
D:\PaperSticher\PaperSticher\PaperSticher.cpp(1,1): warning C4828: 文件包含在偏移 0x5d2 处开始的字符，该字符在当前源字符集中无效(代码页 65001)。
D:\PaperSticher\PaperSticher\PaperSticher.cpp(1,1): warning C4828: 文件包含在偏移 0x5d3 处开始的字符，该字符在当前源字符集中无效(代码页 65001)。
D:\PaperSticher\PaperSticher\PaperSticher.cpp(1,1): warning C4828: 文件包含在偏移 0x5d4 处开始的字符，该字符在当前源字符集中无效(代码页 65001)。
D:\PaperSticher\PaperSticher\PaperSticher.cpp(1,1): warning C4828: 文件包含在偏移 0x5fc 处开始的字符，该字符在当前源字符集中无效(代码页 65001)。
D:\PaperSticher\PaperSticher\PaperSticher.cpp(1,1): warning C4828: 文件包含在偏移 0x5fe 处开始的字符，该字符在当前源字符集中无效(代码页 65001)。
D:\PaperSticher\PaperSticher\PaperSticher.cpp(1,1): warning C4828: 文件包含在偏移 0x600 处开始的字符，该字符在当前源字符集中无效(代码页 65001)。
D:\PaperSticher\PaperSticher\PaperSticher.cpp(1,1): warning C4828: 文件包含在偏移 0x602 处开始的字符，该字符在当前源字符集中无效(代码页 65001)。
D:\PaperSticher\PaperSticher\PaperSticher.cpp(1,1): warning C4828: 文件包含在偏移 0x604 处开始的字符，该字符在当前源字符集中无效(代码页 65001)。
D:\PaperSticher\PaperSticher\PaperSticher.cpp(1,1): warning C4828: 文件包含在偏移 0x605 处开始的字符，该字符在当前源字符集中无效(代码页 65001)。
D:\PaperSticher\PaperSticher\PaperSticher.cpp(1,1): warning C4828: 文件包含在偏移 0x606 处开始的字符，该字符在当前源字符集中无效(代码页 65001)。
D:\PaperSticher\PaperSticher\PaperSticher.cpp(1,1): warning C4828: 文件包含在偏移 0x607 处开始的字符，该字符在当前源字符集中无效(代码页 65001)。
D:\PaperSticher\PaperSticher\PaperSticher.cpp(1,1): warning C4828: 文件包含在偏移 0x609 处开始的字符，该字符在当前源字符集中无效(代码页 65001)。
D:\PaperSticher\PaperSticher\PaperSticher.cpp(1,1): warning C4828: 文件包含在偏移 0x60a 处开始的字符，该字符在当前源字符集中无效(代码页 65001)。
D:\PaperSticher\PaperSticher\PaperSticher.cpp(1,1): warning C4828: 文件包含在偏移 0x60b 处开始的字符，该字符在当前源字符集中无效(代码页 65001)。
D:\PaperSticher\PaperSticher\PaperSticher.cpp(1,1): warning C4828: 文件包含在偏移 0x633 处开始的字符，该字符在当前源字符集中无效(代码页 65001)。
D:\PaperSticher\PaperSticher\PaperSticher.cpp(1,1): warning C4828: 文件包含在偏移 0x635 处开始的字符，该字符在当前源字符集中无效(代码页 65001)。
D:\PaperSticher\PaperSticher\PaperSticher.cpp(1,1): warning C4828: 文件包含在偏移 0x637 处开始的字符，该字符在当前源字符集中无效(代码页 65001)。
D:\PaperSticher\PaperSticher\PaperSticher.cpp(1,1): warning C4828: 文件包含在偏移 0x639 处开始的字符，该字符在当前源字符集中无效(代码页 65001)。
D:\PaperSticher\PaperSticher\PaperSticher.cpp(1,1): warning C4828: 文件包含在偏移 0x63b 处开始的字符，该字符在当前源字符集中无效(代码页 65001)。
D:\PaperSticher\PaperSticher\PaperSticher.cpp(1,1): warning C4828: 文件包含在偏移 0x63c 处开始的字符，该字符在当前源字符集中无效(代码页 65001)。
D:\PaperSticher\PaperSticher\PaperSticher.cpp(1,1): warning C4828: 文件包含在偏移 0x63d 处开始的字符，该字符在当前源字符集中无效(代码页 65001)。
D:\PaperSticher\PaperSticher\PaperSticher.cpp(1,1): warning C4828: 文件包含在偏移 0x63e 处开始的字符，该字符在当前源字符集中无效(代码页 65001)。
D:\PaperSticher\PaperSticher\PaperSticher.cpp(1,1): warning C4828: 文件包含在偏移 0x641 处开始的字符，该字符在当前源字符集中无效(代码页 65001)。
D:\PaperSticher\PaperSticher\PaperSticher.cpp(1,1): warning C4828: 文件包含在偏移 0x642 处开始的字符，该字符在当前源字符集中无效(代码页 65001)。
D:\PaperSticher\PaperSticher\PaperSticher.cpp(1,1): warning C4828: 文件包含在偏移 0x664 处开始的字符，该字符在当前源字符集中无效(代码页 65001)。
D:\PaperSticher\PaperSticher\PaperSticher.cpp(1,1): warning C4828: 文件包含在偏移 0x666 处开始的字符，该字符在当前源字符集中无效(代码页 65001)。
D:\PaperSticher\PaperSticher\PaperSticher.cpp(1,1): warning C4828: 文件包含在偏移 0x668 处开始的字符，该字符在当前源字符集中无效(代码页 65001)。
D:\PaperSticher\PaperSticher\PaperSticher.cpp(1,1): warning C4828: 文件包含在偏移 0x66a 处开始的字符，该字符在当前源字符集中无效(代码页 65001)。
D:\PaperSticher\PaperSticher\PaperSticher.cpp(1,1): warning C4828: 文件包含在偏移 0x66c 处开始的字符，该字符在当前源字符集中无效(代码页 65001)。
D:\PaperSticher\PaperSticher\PaperSticher.cpp(1,1): warning C4828: 文件包含在偏移 0x66d 处开始的字符，该字符在当前源字符集中无效(代码页 65001)。
D:\PaperSticher\PaperSticher\PaperSticher.cpp(1,1): warning C4828: 文件包含在偏移 0x66e 处开始的字符，该字符在当前源字符集中无效(代码页 65001)。
D:\PaperSticher\PaperSticher\PaperSticher.cpp(1,1): warning C4828: 文件包含在偏移 0x670 处开始的字符，该字符在当前源字符集中无效(代码页 65001)。
D:\PaperSticher\PaperSticher\PaperSticher.cpp(1,1): warning C4828: 文件包含在偏移 0x676 处开始的字符，该字符在当前源字符集中无效(代码页 65001)。
D:\PaperSticher\PaperSticher\PaperSticher.cpp(1,1): warning C4828: 文件包含在偏移 0x677 处开始的字符，该字符在当前源字符集中无效(代码页 65001)。
D:\PaperSticher\PaperSticher\PaperSticher.cpp(1,1): warning C4828: 文件包含在偏移 0x697 处开始的字符，该字符在当前源字符集中无效(代码页 65001)。
D:\PaperSticher\PaperSticher\PaperSticher.cpp(1,1): warning C4828: 文件包含在偏移 0x698 处开始的字符，该字符在当前源字符集中无效(代码页 65001)。
D:\PaperSticher\PaperSticher\PaperSticher.cpp(1,1): warning C4828: 文件包含在偏移 0x69b 处开始的字符，该字符在当前源字符集中无效(代码页 65001)。
D:\PaperSticher\PaperSticher\PaperSticher.cpp(1,1): warning C4828: 文件包含在偏移 0x69c 处开始的字符，该字符在当前源字符集中无效(代码页 65001)。
D:\PaperSticher\PaperSticher\PaperSticher.cpp(1,1): warning C4828: 文件包含在偏移 0x69d 处开始的字符，该字符在当前源字符集中无效(代码页 65001)。
D:\PaperSticher\PaperSticher\PaperSticher.cpp(1,1): warning C4828: 文件包含在偏移 0x69e 处开始的字符，该字符在当前源字符集中无效(代码页 65001)。
D:\PaperSticher\PaperSticher\PaperSticher.cpp(1,1): warning C4828: 文件包含在偏移 0x69f 处开始的字符，该字符在当前源字符集中无效(代码页 65001)。
D:\PaperSticher\PaperSticher\PaperSticher.cpp(1,1): warning C4828: 文件包含在偏移 0x6a3 处开始的字符，该字符在当前源字符集中无效(代码页 65001)。
D:\PaperSticher\PaperSticher\PaperSticher.cpp(1,1): warning C4828: 文件包含在偏移 0x6a5 处开始的字符，该字符在当前源字符集中无效(代码页 65001)。
D:\PaperSticher\PaperSticher\PaperSticher.cpp(1,1): warning C4828: 文件包含在偏移 0x779 处开始的字符，该字符在当前源字符集中无效(代码页 65001)。
D:\PaperSticher\PaperSticher\PaperSticher.cpp(1,1): warning C4828: 文件包含在偏移 0x77a 处开始的字符，该字符在当前源字符集中无效(代码页 65001)。
D:\PaperSticher\PaperSticher\PaperSticher.cpp(1,1): warning C4828: 文件包含在偏移 0x77d 处开始的字符，该字符在当前源字符集中无效(代码页 65001)。
D:\PaperSticher\PaperSticher\PaperSticher.cpp(1,1): warning C4828: 文件包含在偏移 0x77e 处开始的字符，该字符在当前源字符集中无效(代码页 65001)。
D:\PaperSticher\PaperSticher\PaperSticher.cpp(1,1): warning C4828: 文件包含在偏移 0x77f 处开始的字符，该字符在当前源字符集中无效(代码页 65001)。
D:\PaperSticher\PaperSticher\PaperSticher.cpp(1,1): warning C4828: 文件包含在偏移 0x780 处开始的字符，该字符在当前源字符集中无效(代码页 65001)。
D:\PaperSticher\PaperSticher\PaperSticher.cpp(1,1): warning C4828: 文件包含在偏移 0x781 处开始的字符，该字符在当前源字符集中无效(代码页 65001)。
D:\PaperSticher\PaperSticher\PaperSticher.cpp(1,1): warning C4828: 文件包含在偏移 0x785 处开始的字符，该字符在当前源字符集中无效(代码页 65001)。
D:\PaperSticher\PaperSticher\PaperSticher.cpp(1,1): warning C4828: 文件包含在偏移 0x787 处开始的字符，该字符在当前源字符集中无效(代码页 65001)。
D:\PaperSticher\PaperSticher\PaperSticher.cpp(1,1): warning C4828: 文件包含在偏移 0x7fa 处开始的字符，该字符在当前源字符集中无效(代码页 65001)。
D:\PaperSticher\PaperSticher\PaperSticher.cpp(1,1): warning C4828: 文件包含在偏移 0x7fc 处开始的字符，该字符在当前源字符集中无效(代码页 65001)。
D:\PaperSticher\PaperSticher\PaperSticher.cpp(1,1): warning C4828: 文件包含在偏移 0x7fe 处开始的字符，该字符在当前源字符集中无效(代码页 65001)。
D:\PaperSticher\PaperSticher\PaperSticher.cpp(1,1): warning C4828: 文件包含在偏移 0x7ff 处开始的字符，该字符在当前源字符集中无效(代码页 65001)。
D:\PaperSticher\PaperSticher\PaperSticher.cpp(1,1): warning C4828: 文件包含在偏移 0x801 处开始的字符，该字符在当前源字符集中无效(代码页 65001)。
D:\PaperSticher\PaperSticher\PaperSticher.cpp(1,1): warning C4828: 文件包含在偏移 0x803 处开始的字符，该字符在当前源字符集中无效(代码页 65001)。
D:\PaperSticher\PaperSticher\PaperSticher.cpp(1,1): warning C4828: 文件包含在偏移 0x80e 处开始的字符，该字符在当前源字符集中无效(代码页 65001)。
D:\PaperSticher\PaperSticher\PaperSticher.cpp(1,1): warning C4828: 文件包含在偏移 0x80f 处开始的字符，该字符在当前源字符集中无效(代码页 65001)。
D:\PaperSticher\PaperSticher\PaperSticher.cpp(1,1): warning C4828: 文件包含在偏移 0x812 处开始的字符，该字符在当前源字符集中无效(代码页 65001)。
D:\PaperSticher\PaperSticher\PaperSticher.cpp(1,1): warning C4828: 文件包含在偏移 0x813 处开始的字符，该字符在当前源字符集中无效(代码页 65001)。
D:\PaperSticher\PaperSticher\PaperSticher.cpp(1,1): warning C4828: 文件包含在偏移 0x814 处开始的字符，该字符在当前源字符集中无效(代码页 65001)。
D:\PaperSticher\PaperSticher\PaperSticher.cpp(1,1): warning C4828: 文件包含在偏移 0x815 处开始的字符，该字符在当前源字符集中无效(代码页 65001)。
D:\PaperSticher\PaperSticher\PaperSticher.cpp(1,1): warning C4828: 文件包含在偏移 0x816 处开始的字符，该字符在当前源字符集中无效(代码页 65001)。
D:\PaperSticher\PaperSticher\PaperSticher.cpp(1,1): warning C4828: 文件包含在偏移 0x81a 处开始的字符，该字符在当前源字符集中无效(代码页 65001)。
D:\PaperSticher\PaperSticher\PaperSticher.cpp(1,1): warning C4828: 文件包含在偏移 0x81c 处开始的字符，该字符在当前源字符集中无效(代码页 65001)。
D:\PaperSticher\PaperSticher\PaperSticher.cpp(1,1): warning C4828: 文件包含在偏移 0x8c0 处开始的字符，该字符在当前源字符集中无效(代码页 65001)。
D:\PaperSticher\PaperSticher\PaperSticher.cpp(1,1): warning C4828: 文件包含在偏移 0x8c1 处开始的字符，该字符在当前源字符集中无效(代码页 65001)。
D:\PaperSticher\PaperSticher\PaperSticher.cpp(1,1): warning C4828: 文件包含在偏移 0x8c4 处开始的字符，该字符在当前源字符集中无效(代码页 65001)。
D:\PaperSticher\PaperSticher\PaperSticher.cpp(1,1): warning C4828: 文件包含在偏移 0x8c6 处开始的字符，该字符在当前源字符集中无效(代码页 65001)。
D:\PaperSticher\PaperSticher\PaperSticher.cpp(1,1): warning C4828: 文件包含在偏移 0x8c7 处开始的字符，该字符在当前源字符集中无效(代码页 65001)。
D:\PaperSticher\PaperSticher\PaperSticher.cpp(1,1): warning C4828: 文件包含在偏移 0x900 处开始的字符，该字符在当前源字符集中无效(代码页 65001)。
D:\PaperSticher\PaperSticher\PaperSticher.cpp(1,1): warning C4828: 文件包含在偏移 0x901 处开始的字符，该字符在当前源字符集中无效(代码页 65001)。
D:\PaperSticher\PaperSticher\PaperSticher.cpp(1,1): warning C4828: 文件包含在偏移 0x904 处开始的字符，该字符在当前源字符集中无效(代码页 65001)。
D:\PaperSticher\PaperSticher\PaperSticher.cpp(1,1): warning C4828: 文件包含在偏移 0x905 处开始的字符，该字符在当前源字符集中无效(代码页 65001)。
D:\PaperSticher\PaperSticher\PaperSticher.cpp(1,1): warning C4828: 文件包含在偏移 0x906 处开始的字符，该字符在当前源字符集中无效(代码页 65001)。
D:\PaperSticher\PaperSticher\PaperSticher.cpp(1,1): warning C4828: 文件包含在偏移 0x908 处开始的字符，该字符在当前源字符集中无效(代码页 65001)。
D:\PaperSticher\PaperSticher\PaperSticher.cpp(1,1): warning C4828: 文件包含在偏移 0x909 处开始的字符，该字符在当前源字符集中无效(代码页 65001)。
D:\PaperSticher\PaperSticher\PaperSticher.cpp(1,1): warning C4828: 文件包含在偏移 0x90d 处开始的字符，该字符在当前源字符集中无效(代码页 65001)。
D:\PaperSticher\PaperSticher\PaperSticher.cpp(1,1): warning C4828: 文件包含在偏移 0x90e 处开始的字符，该字符在当前源字符集中无效(代码页 65001)。
D:\PaperSticher\PaperSticher\PaperSticher.cpp(1,1): warning C4828: 文件包含在偏移 0x90f 处开始的字符，该字符在当前源字符集中无效(代码页 65001)。
D:\PaperSticher\PaperSticher\PaperSticher.cpp(1,1): warning C4828: 文件包含在偏移 0x910 处开始的字符，该字符在当前源字符集中无效(代码页 65001)。
D:\PaperSticher\PaperSticher\PaperSticher.cpp(1,1): warning C4828: 文件包含在偏移 0x911 处开始的字符，该字符在当前源字符集中无效(代码页 65001)。
D:\PaperSticher\PaperSticher\PaperSticher.cpp(1,1): warning C4828: 文件包含在偏移 0x929 处开始的字符，该字符在当前源字符集中无效(代码页 65001)。
D:\PaperSticher\PaperSticher\PaperSticher.cpp(1,1): warning C4828: 文件包含在偏移 0x92b 处开始的字符，该字符在当前源字符集中无效(代码页 65001)。
D:\PaperSticher\PaperSticher\PaperSticher.cpp(1,1): warning C4828: 文件包含在偏移 0x92d 处开始的字符，该字符在当前源字符集中无效(代码页 65001)。
D:\PaperSticher\PaperSticher\PaperSticher.cpp(1,1): warning C4828: 文件包含在偏移 0x92e 处开始的字符，该字符在当前源字符集中无效(代码页 65001)。
D:\PaperSticher\PaperSticher\PaperSticher.cpp(1,1): warning C4828: 文件包含在偏移 0x931 处开始的字符，该字符在当前源字符集中无效(代码页 65001)。
D:\PaperSticher\PaperSticher\PaperSticher.cpp(1,1): warning C4828: 文件包含在偏移 0x934 处开始的字符，该字符在当前源字符集中无效(代码页 65001)。
D:\PaperSticher\PaperSticher\PaperSticher.cpp(1,1): warning C4828: 文件包含在偏移 0x936 处开始的字符，该字符在当前源字符集中无效(代码页 65001)。
D:\PaperSticher\PaperSticher\PaperSticher.cpp(1,1): warning C4828: 文件包含在偏移 0x93a 处开始的字符，该字符在当前源字符集中无效(代码页 65001)。
D:\PaperSticher\PaperSticher\PaperSticher.cpp(1,1): warning C4828: 文件包含在偏移 0x93b 处开始的字符，该字符在当前源字符集中无效(代码页 65001)。
D:\PaperSticher\PaperSticher\PaperSticher.cpp(1,1): warning C4828: 文件包含在偏移 0x93c 处开始的字符，该字符在当前源字符集中无效(代码页 65001)。
D:\PaperSticher\PaperSticher\PaperSticher.cpp(1,1): warning C4828: 文件包含在偏移 0x93e 处开始的字符，该字符在当前源字符集中无效(代码页 65001)。
D:\PaperSticher\PaperSticher\PaperSticher.cpp(1,1): warning C4828: 文件包含在偏移 0x940 处开始的字符，该字符在当前源字符集中无效(代码页 65001)。
D:\PaperSticher\PaperSticher\PaperSticher.cpp(1,1): warning C4828: 文件包含在偏移 0xa4e 处开始的字符，该字符在当前源字符集中无效(代码页 65001)。
D:\PaperSticher\PaperSticher\PaperSticher.cpp(1,1): warning C4828: 文件包含在偏移 0xa50 处开始的字符，该字符在当前源字符集中无效(代码页 65001)。
D:\PaperSticher\PaperSticher\PaperSticher.cpp(1,1): warning C4828: 文件包含在偏移 0xa52 处开始的字符，该字符在当前源字符集中无效(代码页 65001)。
D:\PaperSticher\PaperSticher\PaperSticher.cpp(1,1): warning C4828: 文件包含在偏移 0xa55 处开始的字符，该字符在当前源字符集中无效(代码页 65001)。
D:\PaperSticher\PaperSticher\PaperSticher.cpp(1,1): warning C4828: 文件包含在偏移 0xa58 处开始的字符，该字符在当前源字符集中无效(代码页 65001)。
D:\PaperSticher\PaperSticher\PaperSticher.cpp(1,1): warning C4828: 文件包含在偏移 0xa5b 处开始的字符，该字符在当前源字符集中无效(代码页 65001)。
D:\PaperSticher\PaperSticher\PaperSticher.cpp(1,1): warning C4828: 文件包含在偏移 0xa64 处开始的字符，该字符在当前源字符集中无效(代码页 65001)。
D:\PaperSticher\PaperSticher\PaperSticher.cpp(1,1): warning C4828: 文件包含在偏移 0xa66 处开始的字符，该字符在当前源字符集中无效(代码页 65001)。
D:\PaperSticher\PaperSticher\PaperSticher.cpp(1,1): warning C4828: 文件包含在偏移 0xa69 处开始的字符，该字符在当前源字符集中无效(代码页 65001)。
D:\PaperSticher\PaperSticher\PaperSticher.cpp(1,1): warning C4828: 文件包含在偏移 0xa6c 处开始的字符，该字符在当前源字符集中无效(代码页 65001)。
D:\PaperSticher\PaperSticher\PaperSticher.cpp(1,1): warning C4828: 文件包含在偏移 0xa6e 处开始的字符，该字符在当前源字符集中无效(代码页 65001)。
D:\PaperSticher\PaperSticher\PaperSticher.cpp(1,1): warning C4828: 文件包含在偏移 0xa6f 处开始的字符，该字符在当前源字符集中无效(代码页 65001)。
D:\PaperSticher\PaperSticher\PaperSticher.cpp(1,1): warning C4828: 文件包含在偏移 0xbe9 处开始的字符，该字符在当前源字符集中无效(代码页 65001)。
D:\PaperSticher\PaperSticher\PaperSticher.cpp(1,1): warning C4828: 文件包含在偏移 0xbeb 处开始的字符，该字符在当前源字符集中无效(代码页 65001)。
D:\PaperSticher\PaperSticher\PaperSticher.cpp(1,1): warning C4828: 文件包含在偏移 0xbee 处开始的字符，该字符在当前源字符集中无效(代码页 65001)。
D:\PaperSticher\PaperSticher\PaperSticher.cpp(1,1): warning C4828: 文件包含在偏移 0xbf1 处开始的字符，该字符在当前源字符集中无效(代码页 65001)。
D:\PaperSticher\PaperSticher\PaperSticher.cpp(1,1): warning C4828: 文件包含在偏移 0xbf3 处开始的字符，该字符在当前源字符集中无效(代码页 65001)。
D:\PaperSticher\PaperSticher\PaperSticher.cpp(1,1): warning C4828: 文件包含在偏移 0xbf4 处开始的字符，该字符在当前源字符集中无效(代码页 65001)。
D:\PaperSticher\PaperSticher\PaperSticher.cpp(1,1): warning C4828: 文件包含在偏移 0xd7c 处开始的字符，该字符在当前源字符集中无效(代码页 65001)。
D:\PaperSticher\PaperSticher\PaperSticher.cpp(1,1): warning C4828: 文件包含在偏移 0xd7e 处开始的字符，该字符在当前源字符集中无效(代码页 65001)。
D:\PaperSticher\PaperSticher\PaperSticher.cpp(1,1): warning C4828: 文件包含在偏移 0xd7f 处开始的字符，该字符在当前源字符集中无效(代码页 65001)。
D:\PaperSticher\PaperSticher\PaperSticher.cpp(1,1): warning C4828: 文件包含在偏移 0xd83 处开始的字符，该字符在当前源字符集中无效(代码页 65001)。
D:\PaperSticher\PaperSticher\PaperSticher.cpp(1,1): warning C4828: 文件包含在偏移 0xd84 处开始的字符，该字符在当前源字符集中无效(代码页 65001)。
D:\PaperSticher\PaperSticher\PaperSticher.cpp(1,1): warning C4828: 文件包含在偏移 0xd85 处开始的字符，该字符在当前源字符集中无效(代码页 65001)。
D:\PaperSticher\PaperSticher\PaperSticher.cpp(1,1): warning C4828: 文件包含在偏移 0xd89 处开始的字符，该字符在当前源字符集中无效(代码页 65001)。
D:\PaperSticher\PaperSticher\PaperSticher.cpp(1,1): warning C4828: 文件包含在偏移 0xd8e 处开始的字符，该字符在当前源字符集中无效(代码页 65001)。
D:\PaperSticher\PaperSticher\PaperSticher.cpp(1,1): warning C4828: 文件包含在偏移 0xd8f 处开始的字符，该字符在当前源字符集中无效(代码页 65001)。
D:\PaperSticher\PaperSticher\PaperSticher.cpp(1,1): warning C4828: 文件包含在偏移 0xdb0 处开始的字符，该字符在当前源字符集中无效(代码页 65001)。
D:\PaperSticher\PaperSticher\PaperSticher.cpp(1,1): warning C4828: 文件包含在偏移 0xdb1 处开始的字符，该字符在当前源字符集中无效(代码页 65001)。
D:\PaperSticher\PaperSticher\PaperSticher.cpp(1,1): warning C4828: 文件包含在偏移 0xdb4 处开始的字符，该字符在当前源字符集中无效(代码页 65001)。
D:\PaperSticher\PaperSticher\PaperSticher.cpp(1,1): warning C4828: 文件包含在偏移 0xdb5 处开始的字符，该字符在当前源字符集中无效(代码页 65001)。
D:\PaperSticher\PaperSticher\PaperSticher.cpp(1,1): warning C4828: 文件包含在偏移 0xdb6 处开始的字符，该字符在当前源字符集中无效(代码页 65001)。
D:\PaperSticher\PaperSticher\PaperSticher.cpp(1,1): warning C4828: 文件包含在偏移 0xdbc 处开始的字符，该字符在当前源字符集中无效(代码页 65001)。
D:\PaperSticher\PaperSticher\PaperSticher.cpp(1,1): warning C4828: 文件包含在偏移 0xdbe 处开始的字符，该字符在当前源字符集中无效(代码页 65001)。
D:\PaperSticher\PaperSticher\PaperSticher.cpp(1,1): warning C4828: 文件包含在偏移 0xdbf 处开始的字符，该字符在当前源字符集中无效(代码页 65001)。
D:\PaperSticher\PaperSticher\PaperSticher.cpp(1,1): warning C4828: 文件包含在偏移 0xdd1 处开始的字符，该字符在当前源字符集中无效(代码页 65001)。
D:\PaperSticher\PaperSticher\PaperSticher.cpp(1,1): warning C4828: 文件包含在偏移 0xdd5 处开始的字符，该字符在当前源字符集中无效(代码页 65001)。
D:\PaperSticher\PaperSticher\PaperSticher.cpp(1,1): warning C4828: 文件包含在偏移 0xf44 处开始的字符，该字符在当前源字符集中无效(代码页 65001)。
D:\PaperSticher\PaperSticher\PaperSticher.cpp(1,1): warning C4828: 文件包含在偏移 0xf48 处开始的字符，该字符在当前源字符集中无效(代码页 65001)。
D:\PaperSticher\PaperSticher\PaperSticher.cpp(1,1): warning C4828: 文件包含在偏移 0x101d 处开始的字符，该字符在当前源字符集中无效(代码页 65001)。
D:\PaperSticher\PaperSticher\PaperSticher.cpp(1,1): warning C4828: 文件包含在偏移 0x1023 处开始的字符，该字符在当前源字符集中无效(代码页 65001)。
D:\PaperSticher\PaperSticher\PaperSticher.cpp(1,1): warning C4828: 文件包含在偏移 0x1029 处开始的字符，该字符在当前源字符集中无效(代码页 65001)。
D:\PaperSticher\PaperSticher\PaperSticher.cpp(1,1): warning C4828: 文件包含在偏移 0x102a 处开始的字符，该字符在当前源字符集中无效(代码页 65001)。
D:\PaperSticher\PaperSticher\PaperSticher.cpp(1,1): warning C4828: 文件包含在偏移 0x102c 处开始的字符，该字符在当前源字符集中无效(代码页 65001)。
D:\PaperSticher\PaperSticher\PaperSticher.cpp(1,1): warning C4828: 文件包含在偏移 0x1031 处开始的字符，该字符在当前源字符集中无效(代码页 65001)。
D:\PaperSticher\PaperSticher\PaperSticher.cpp(1,1): warning C4828: 文件包含在偏移 0x1360 处开始的字符，该字符在当前源字符集中无效(代码页 65001)。
D:\PaperSticher\PaperSticher\PaperSticher.cpp(1,1): warning C4828: 文件包含在偏移 0x1364 处开始的字符，该字符在当前源字符集中无效(代码页 65001)。
D:\PaperSticher\PaperSticher\PaperSticher.cpp(1,1): warning C4828: 文件包含在偏移 0x1366 处开始的字符，该字符在当前源字符集中无效(代码页 65001)。
D:\PaperSticher\PaperSticher\PaperSticher.cpp(1,1): warning C4828: 文件包含在偏移 0x1367 处开始的字符，该字符在当前源字符集中无效(代码页 65001)。
D:\PaperSticher\PaperSticher\PaperSticher.cpp(1,1): warning C4828: 文件包含在偏移 0x1369 处开始的字符，该字符在当前源字符集中无效(代码页 65001)。
D:\PaperSticher\PaperSticher\PaperSticher.cpp(1,1): warning C4828: 文件包含在偏移 0x136a 处开始的字符，该字符在当前源字符集中无效(代码页 65001)。
D:\PaperSticher\PaperSticher\PaperSticher.cpp(1,1): warning C4828: 文件包含在偏移 0x1383 处开始的字符，该字符在当前源字符集中无效(代码页 65001)。
D:\PaperSticher\PaperSticher\PaperSticher.cpp(1,1): warning C4828: 文件包含在偏移 0x1385 处开始的字符，该字符在当前源字符集中无效(代码页 65001)。
D:\PaperSticher\PaperSticher\PaperSticher.cpp(1,1): warning C4828: 文件包含在偏移 0x1386 处开始的字符，该字符在当前源字符集中无效(代码页 65001)。
D:\PaperSticher\PaperSticher\PaperSticher.cpp(1,1): warning C4828: 文件包含在偏移 0x1388 处开始的字符，该字符在当前源字符集中无效(代码页 65001)。
D:\PaperSticher\PaperSticher\PaperSticher.cpp(1,1): warning C4828: 文件包含在偏移 0x1389 处开始的字符，该字符在当前源字符集中无效(代码页 65001)。
D:\PaperSticher\PaperSticher\PaperSticher.cpp(1,1): warning C4828: 文件包含在偏移 0x1476 处开始的字符，该字符在当前源字符集中无效(代码页 65001)。
D:\PaperSticher\PaperSticher\PaperSticher.cpp(1,1): warning C4828: 文件包含在偏移 0x1477 处开始的字符，该字符在当前源字符集中无效(代码页 65001)。
D:\PaperSticher\PaperSticher\PaperSticher.cpp(1,1): warning C4828: 文件包含在偏移 0x1479 处开始的字符，该字符在当前源字符集中无效(代码页 65001)。
D:\PaperSticher\PaperSticher\PaperSticher.cpp(1,1): warning C4828: 文件包含在偏移 0x147a 处开始的字符，该字符在当前源字符集中无效(代码页 65001)。
D:\PaperSticher\PaperSticher\PaperSticher.cpp(1,1): warning C4828: 文件包含在偏移 0x147b 处开始的字符，该字符在当前源字符集中无效(代码页 65001)。
D:\PaperSticher\PaperSticher\PaperSticher.cpp(1,1): warning C4828: 文件包含在偏移 0x147f 处开始的字符，该字符在当前源字符集中无效(代码页 65001)。
D:\PaperSticher\PaperSticher\PaperSticher.cpp(1,1): warning C4828: 文件包含在偏移 0x1492 处开始的字符，该字符在当前源字符集中无效(代码页 65001)。
D:\PaperSticher\PaperSticher\PaperSticher.cpp(1,1): warning C4828: 文件包含在偏移 0x1494 处开始的字符，该字符在当前源字符集中无效(代码页 65001)。
D:\PaperSticher\PaperSticher\PaperSticher.cpp(1,1): warning C4828: 文件包含在偏移 0x1495 处开始的字符，该字符在当前源字符集中无效(代码页 65001)。
D:\PaperSticher\PaperSticher\PaperSticher.cpp(1,1): warning C4828: 文件包含在偏移 0x1499 处开始的字符，该字符在当前源字符集中无效(代码页 65001)。
D:\PaperSticher\PaperSticher\PaperSticher.cpp(1,1): warning C4828: 文件包含在偏移 0x157c 处开始的字符，该字符在当前源字符集中无效(代码页 65001)。
D:\PaperSticher\PaperSticher\PaperSticher.cpp(1,1): warning C4828: 文件包含在偏移 0x157e 处开始的字符，该字符在当前源字符集中无效(代码页 65001)。
D:\PaperSticher\PaperSticher\PaperSticher.cpp(1,1): warning C4828: 文件包含在偏移 0x157f 处开始的字符，该字符在当前源字符集中无效(代码页 65001)。
D:\PaperSticher\PaperSticher\PaperSticher.cpp(1,1): warning C4828: 文件包含在偏移 0x1582 处开始的字符，该字符在当前源字符集中无效(代码页 65001)。
D:\PaperSticher\PaperSticher\PaperSticher.cpp(1,1): warning C4828: 文件包含在偏移 0x1583 处开始的字符，该字符在当前源字符集中无效(代码页 65001)。
D:\PaperSticher\PaperSticher\PaperSticher.cpp(1,1): warning C4828: 文件包含在偏移 0x15d5 处开始的字符，该字符在当前源字符集中无效(代码页 65001)。
D:\PaperSticher\PaperSticher\PaperSticher.cpp(1,1): warning C4828: 文件包含在偏移 0x15d7 处开始的字符，该字符在当前源字符集中无效(代码页 65001)。
D:\PaperSticher\PaperSticher\PaperSticher.cpp(1,1): warning C4828: 文件包含在偏移 0x15d8 处开始的字符，该字符在当前源字符集中无效(代码页 65001)。
D:\PaperSticher\PaperSticher\PaperSticher.cpp(1,1): warning C4828: 文件包含在偏移 0x17f4 处开始的字符，该字符在当前源字符集中无效(代码页 65001)。
D:\PaperSticher\PaperSticher\PaperSticher.cpp(1,1): warning C4828: 文件包含在偏移 0x17f5 处开始的字符，该字符在当前源字符集中无效(代码页 65001)。
D:\PaperSticher\PaperSticher\PaperSticher.cpp(1,1): warning C4828: 文件包含在偏移 0x17fb 处开始的字符，该字符在当前源字符集中无效(代码页 65001)。
D:\PaperSticher\PaperSticher\PaperSticher.cpp(1,1): warning C4828: 文件包含在偏移 0x17fc 处开始的字符，该字符在当前源字符集中无效(代码页 65001)。
D:\PaperSticher\PaperSticher\PaperSticher.cpp(1,1): warning C4828: 文件包含在偏移 0x17fd 处开始的字符，该字符在当前源字符集中无效(代码页 65001)。
D:\PaperSticher\PaperSticher\PaperSticher.cpp(1,1): warning C4828: 文件包含在偏移 0x17fe 处开始的字符，该字符在当前源字符集中无效(代码页 65001)。
D:\PaperSticher\PaperSticher\PaperSticher.cpp(1,1): warning C4828: 文件包含在偏移 0x1840 处开始的字符，该字符在当前源字符集中无效(代码页 65001)。
D:\PaperSticher\PaperSticher\PaperSticher.cpp(1,1): warning C4828: 文件包含在偏移 0x1842 处开始的字符，该字符在当前源字符集中无效(代码页 65001)。
D:\PaperSticher\PaperSticher\PaperSticher.cpp(1,1): warning C4828: 文件包含在偏移 0x1844 处开始的字符，该字符在当前源字符集中无效(代码页 65001)。
D:\PaperSticher\PaperSticher\PaperSticher.cpp(1,1): warning C4828: 文件包含在偏移 0x1845 处开始的字符，该字符在当前源字符集中无效(代码页 65001)。
D:\PaperSticher\PaperSticher\PaperSticher.cpp(1,1): warning C4828: 文件包含在偏移 0x1846 处开始的字符，该字符在当前源字符集中无效(代码页 65001)。
D:\PaperSticher\PaperSticher\PaperSticher.cpp(1,1): warning C4828: 文件包含在偏移 0x1886 处开始的字符，该字符在当前源字符集中无效(代码页 65001)。
D:\PaperSticher\PaperSticher\PaperSticher.cpp(1,1): warning C4828: 文件包含在偏移 0x1887 处开始的字符，该字符在当前源字符集中无效(代码页 65001)。
D:\PaperSticher\PaperSticher\PaperSticher.cpp(1,1): warning C4828: 文件包含在偏移 0x188e 处开始的字符，该字符在当前源字符集中无效(代码页 65001)。
D:\PaperSticher\PaperSticher\PaperSticher.cpp(1,1): warning C4828: 文件包含在偏移 0x188f 处开始的字符，该字符在当前源字符集中无效(代码页 65001)。
D:\PaperSticher\PaperSticher\PaperSticher.cpp(1,1): warning C4828: 文件包含在偏移 0x1890 处开始的字符，该字符在当前源字符集中无效(代码页 65001)。
D:\PaperSticher\PaperSticher\PaperSticher.cpp(1,1): warning C4828: 文件包含在偏移 0x1892 处开始的字符，该字符在当前源字符集中无效(代码页 65001)。
D:\PaperSticher\PaperSticher\PaperSticher.cpp(1,1): warning C4828: 文件包含在偏移 0x1893 处开始的字符，该字符在当前源字符集中无效(代码页 65001)。
D:\PaperSticher\PaperSticher\PaperSticher.cpp(1,1): warning C4828: 文件包含在偏移 0x1896 处开始的字符，该字符在当前源字符集中无效(代码页 65001)。
D:\PaperSticher\PaperSticher\PaperSticher.cpp(1,1): warning C4828: 文件包含在偏移 0x1898 处开始的字符，该字符在当前源字符集中无效(代码页 65001)。
D:\PaperSticher\PaperSticher\PaperSticher.cpp(1,1): warning C4828: 文件包含在偏移 0x189d 处开始的字符，该字符在当前源字符集中无效(代码页 65001)。
D:\PaperSticher\PaperSticher\PaperSticher.cpp(1,1): warning C4828: 文件包含在偏移 0x18ad 处开始的字符，该字符在当前源字符集中无效(代码页 65001)。
D:\PaperSticher\PaperSticher\PaperSticher.cpp(1,1): warning C4828: 文件包含在偏移 0x18af 处开始的字符，该字符在当前源字符集中无效(代码页 65001)。
D:\PaperSticher\PaperSticher\PaperSticher.cpp(1,1): warning C4828: 文件包含在偏移 0x18b1 处开始的字符，该字符在当前源字符集中无效(代码页 65001)。
D:\PaperSticher\PaperSticher\PaperSticher.cpp(1,1): warning C4828: 文件包含在偏移 0x18b2 处开始的字符，该字符在当前源字符集中无效(代码页 65001)。
D:\PaperSticher\PaperSticher\PaperSticher.cpp(1,1): warning C4828: 文件包含在偏移 0x190c 处开始的字符，该字符在当前源字符集中无效(代码页 65001)。
D:\PaperSticher\PaperSticher\PaperSticher.cpp(1,1): warning C4828: 文件包含在偏移 0x190d 处开始的字符，该字符在当前源字符集中无效(代码页 65001)。
D:\PaperSticher\PaperSticher\PaperSticher.cpp(1,1): warning C4828: 文件包含在偏移 0x1910 处开始的字符，该字符在当前源字符集中无效(代码页 65001)。
D:\PaperSticher\PaperSticher\PaperSticher.cpp(1,1): warning C4828: 文件包含在偏移 0x1912 处开始的字符，该字符在当前源字符集中无效(代码页 65001)。
D:\PaperSticher\PaperSticher\PaperSticher.cpp(1,1): warning C4828: 文件包含在偏移 0x1913 处开始的字符，该字符在当前源字符集中无效(代码页 65001)。
D:\PaperSticher\PaperSticher\PaperSticher.cpp(1,1): warning C4828: 文件包含在偏移 0x1917 处开始的字符，该字符在当前源字符集中无效(代码页 65001)。
D:\PaperSticher\PaperSticher\PaperSticher.cpp(1,1): warning C4828: 文件包含在偏移 0x1918 处开始的字符，该字符在当前源字符集中无效(代码页 65001)。
D:\PaperSticher\PaperSticher\PaperSticher.cpp(1,1): warning C4828: 文件包含在偏移 0x1919 处开始的字符，该字符在当前源字符集中无效(代码页 65001)。
D:\PaperSticher\PaperSticher\PaperSticher.cpp(1,1): warning C4828: 文件包含在偏移 0x191c 处开始的字符，该字符在当前源字符集中无效(代码页 65001)。
D:\PaperSticher\PaperSticher\PaperSticher.cpp(1,1): warning C4828: 文件包含在偏移 0x191d 处开始的字符，该字符在当前源字符集中无效(代码页 65001)。
D:\PaperSticher\PaperSticher\PaperSticher.cpp(1,1): warning C4828: 文件包含在偏移 0x195f 处开始的字符，该字符在当前源字符集中无效(代码页 65001)。
D:\PaperSticher\PaperSticher\PaperSticher.cpp(1,1): warning C4828: 文件包含在偏移 0x1995 处开始的字符，该字符在当前源字符集中无效(代码页 65001)。
D:\PaperSticher\PaperSticher\PaperSticher.cpp(1,1): warning C4828: 文件包含在偏移 0x1996 处开始的字符，该字符在当前源字符集中无效(代码页 65001)。
D:\PaperSticher\PaperSticher\PaperSticher.cpp(1,1): warning C4828: 文件包含在偏移 0x199c 处开始的字符，该字符在当前源字符集中无效(代码页 65001)。
D:\PaperSticher\PaperSticher\PaperSticher.cpp(1,1): warning C4828: 文件包含在偏移 0x199e 处开始的字符，该字符在当前源字符集中无效(代码页 65001)。
D:\PaperSticher\PaperSticher\PaperSticher.cpp(1,1): warning C4828: 文件包含在偏移 0x199f 处开始的字符，该字符在当前源字符集中无效(代码页 65001)。
D:\PaperSticher\PaperSticher\PaperSticher.cpp(1,1): warning C4828: 文件包含在偏移 0x19a1 处开始的字符，该字符在当前源字符集中无效(代码页 65001)。
D:\PaperSticher\PaperSticher\PaperSticher.cpp(1,1): warning C4828: 文件包含在偏移 0x1a30 处开始的字符，该字符在当前源字符集中无效(代码页 65001)。
D:\PaperSticher\PaperSticher\PaperSticher.cpp(1,1): warning C4828: 文件包含在偏移 0x1a31 处开始的字符，该字符在当前源字符集中无效(代码页 65001)。
D:\PaperSticher\PaperSticher\PaperSticher.cpp(1,1): warning C4828: 文件包含在偏移 0x1a32 处开始的字符，该字符在当前源字符集中无效(代码页 65001)。
D:\PaperSticher\PaperSticher\PaperSticher.cpp(1,1): warning C4828: 文件包含在偏移 0x1a34 处开始的字符，该字符在当前源字符集中无效(代码页 65001)。
D:\PaperSticher\PaperSticher\PaperSticher.cpp(1,1): warning C4828: 文件包含在偏移 0x1a36 处开始的字符，该字符在当前源字符集中无效(代码页 65001)。
D:\PaperSticher\PaperSticher\PaperSticher.cpp(1,1): warning C4828: 文件包含在偏移 0x1a37 处开始的字符，该字符在当前源字符集中无效(代码页 65001)。
D:\PaperSticher\PaperSticher\PaperSticher.cpp(1,1): warning C4828: 文件包含在偏移 0x1a39 处开始的字符，该字符在当前源字符集中无效(代码页 65001)。
D:\PaperSticher\PaperSticher\PaperSticher.cpp(1,1): warning C4828: 文件包含在偏移 0x1a3b 处开始的字符，该字符在当前源字符集中无效(代码页 65001)。
D:\PaperSticher\PaperSticher\PaperSticher.cpp(1,1): warning C4828: 文件包含在偏移 0x1a3c 处开始的字符，该字符在当前源字符集中无效(代码页 65001)。
D:\PaperSticher\PaperSticher\PaperSticher.cpp(1,1): warning C4828: 文件包含在偏移 0x1a40 处开始的字符，该字符在当前源字符集中无效(代码页 65001)。
D:\PaperSticher\PaperSticher\PaperSticher.cpp(1,1): warning C4828: 文件包含在偏移 0x1a41 处开始的字符，该字符在当前源字符集中无效(代码页 65001)。
D:\PaperSticher\PaperSticher\PaperSticher.cpp(1,1): warning C4828: 文件包含在偏移 0x1a42 处开始的字符，该字符在当前源字符集中无效(代码页 65001)。
D:\PaperSticher\PaperSticher\PaperSticher.cpp(1,1): warning C4828: 文件包含在偏移 0x1a43 处开始的字符，该字符在当前源字符集中无效(代码页 65001)。
D:\PaperSticher\PaperSticher\PaperSticher.cpp(1,1): warning C4828: 文件包含在偏移 0x1a47 处开始的字符，该字符在当前源字符集中无效(代码页 65001)。
D:\PaperSticher\PaperSticher\PaperSticher.cpp(1,1): warning C4828: 文件包含在偏移 0x1a76 处开始的字符，该字符在当前源字符集中无效(代码页 65001)。
D:\PaperSticher\PaperSticher\PaperSticher.cpp(1,1): warning C4828: 文件包含在偏移 0x1a77 处开始的字符，该字符在当前源字符集中无效(代码页 65001)。
D:\PaperSticher\PaperSticher\PaperSticher.cpp(1,1): warning C4828: 文件包含在偏移 0x1a7a 处开始的字符，该字符在当前源字符集中无效(代码页 65001)。
D:\PaperSticher\PaperSticher\PaperSticher.cpp(1,1): warning C4828: 文件包含在偏移 0x1a7c 处开始的字符，该字符在当前源字符集中无效(代码页 65001)。
D:\PaperSticher\PaperSticher\PaperSticher.cpp(1,1): warning C4828: 文件包含在偏移 0x1a7d 处开始的字符，该字符在当前源字符集中无效(代码页 65001)。
D:\PaperSticher\PaperSticher\PaperSticher.cpp(1,1): warning C4828: 文件包含在偏移 0x1a7f 处开始的字符，该字符在当前源字符集中无效(代码页 65001)。
D:\PaperSticher\PaperSticher\PaperSticher.cpp(1,1): warning C4828: 文件包含在偏移 0x1a82 处开始的字符，该字符在当前源字符集中无效(代码页 65001)。
D:\PaperSticher\PaperSticher\PaperSticher.cpp(1,1): warning C4828: 文件包含在偏移 0x1a84 处开始的字符，该字符在当前源字符集中无效(代码页 65001)。
D:\PaperSticher\PaperSticher\PaperSticher.cpp(1,1): warning C4828: 文件包含在偏移 0x1a86 处开始的字符，该字符在当前源字符集中无效(代码页 65001)。
D:\PaperSticher\PaperSticher\PaperSticher.cpp(1,1): warning C4828: 文件包含在偏移 0x1a88 处开始的字符，该字符在当前源字符集中无效(代码页 65001)。
D:\PaperSticher\PaperSticher\PaperSticher.cpp(1,1): warning C4828: 文件包含在偏移 0x1a8b 处开始的字符，该字符在当前源字符集中无效(代码页 65001)。
D:\PaperSticher\PaperSticher\PaperSticher.cpp(1,1): warning C4828: 文件包含在偏移 0x1a8e 处开始的字符，该字符在当前源字符集中无效(代码页 65001)。
D:\PaperSticher\PaperSticher\PaperSticher.cpp(1,1): warning C4828: 文件包含在偏移 0x1a90 处开始的字符，该字符在当前源字符集中无效(代码页 65001)。
D:\PaperSticher\PaperSticher\PaperSticher.cpp(1,1): warning C4828: 文件包含在偏移 0x1a92 处开始的字符，该字符在当前源字符集中无效(代码页 65001)。
D:\PaperSticher\PaperSticher\PaperSticher.cpp(1,1): warning C4828: 文件包含在偏移 0x1a93 处开始的字符，该字符在当前源字符集中无效(代码页 65001)。
D:\PaperSticher\PaperSticher\PaperSticher.cpp(1,1): warning C4828: 文件包含在偏移 0x1a95 处开始的字符，该字符在当前源字符集中无效(代码页 65001)。
D:\PaperSticher\PaperSticher\PaperSticher.cpp(1,1): warning C4828: 文件包含在偏移 0x1a98 处开始的字符，该字符在当前源字符集中无效(代码页 65001)。
D:\PaperSticher\PaperSticher\PaperSticher.cpp(1,1): warning C4828: 文件包含在偏移 0x1a9a 处开始的字符，该字符在当前源字符集中无效(代码页 65001)。
D:\PaperSticher\PaperSticher\PaperSticher.cpp(1,1): warning C4828: 文件包含在偏移 0x1b26 处开始的字符，该字符在当前源字符集中无效(代码页 65001)。
D:\PaperSticher\PaperSticher\PaperSticher.cpp(1,1): warning C4828: 文件包含在偏移 0x1b27 处开始的字符，该字符在当前源字符集中无效(代码页 65001)。
D:\PaperSticher\PaperSticher\PaperSticher.cpp(1,1): warning C4828: 文件包含在偏移 0x1b2d 处开始的字符，该字符在当前源字符集中无效(代码页 65001)。
D:\PaperSticher\PaperSticher\PaperSticher.cpp(1,1): warning C4828: 文件包含在偏移 0x1b2f 处开始的字符，该字符在当前源字符集中无效(代码页 65001)。
D:\PaperSticher\PaperSticher\PaperSticher.cpp(1,1): warning C4828: 文件包含在偏移 0x1b30 处开始的字符，该字符在当前源字符集中无效(代码页 65001)。
D:\PaperSticher\PaperSticher\PaperSticher.cpp(1,1): warning C4828: 文件包含在偏移 0x1b32 处开始的字符，该字符在当前源字符集中无效(代码页 65001)。
D:\PaperSticher\PaperSticher\PaperSticher.cpp(1,1): warning C4828: 文件包含在偏移 0x1b35 处开始的字符，该字符在当前源字符集中无效(代码页 65001)。
D:\PaperSticher\PaperSticher\PaperSticher.cpp(1,1): warning C4828: 文件包含在偏移 0x1b41 处开始的字符，该字符在当前源字符集中无效(代码页 65001)。
D:\PaperSticher\PaperSticher\PaperSticher.cpp(1,1): warning C4828: 文件包含在偏移 0x1b42 处开始的字符，该字符在当前源字符集中无效(代码页 65001)。
D:\PaperSticher\PaperSticher\PaperSticher.cpp(1,1): warning C4828: 文件包含在偏移 0x1b43 处开始的字符，该字符在当前源字符集中无效(代码页 65001)。
D:\PaperSticher\PaperSticher\PaperSticher.cpp(1,1): warning C4828: 文件包含在偏移 0x1b44 处开始的字符，该字符在当前源字符集中无效(代码页 65001)。
D:\PaperSticher\PaperSticher\PaperSticher.cpp(1,1): warning C4828: 文件包含在偏移 0x1b45 处开始的字符，该字符在当前源字符集中无效(代码页 65001)。
D:\PaperSticher\PaperSticher\PaperSticher.cpp(1,1): warning C4828: 文件包含在偏移 0x1b49 处开始的字符，该字符在当前源字符集中无效(代码页 65001)。
D:\PaperSticher\PaperSticher\PaperSticher.cpp(1,1): warning C4828: 文件包含在偏移 0x1b4b 处开始的字符，该字符在当前源字符集中无效(代码页 65001)。
D:\PaperSticher\PaperSticher\PaperSticher.cpp(1,1): warning C4828: 文件包含在偏移 0x1b4c 处开始的字符，该字符在当前源字符集中无效(代码页 65001)。
D:\PaperSticher\PaperSticher\PaperSticher.cpp(1,1): warning C4828: 文件包含在偏移 0x1b4f 处开始的字符，该字符在当前源字符集中无效(代码页 65001)。
D:\PaperSticher\PaperSticher\PaperSticher.cpp(1,1): warning C4828: 文件包含在偏移 0x1b50 处开始的字符，该字符在当前源字符集中无效(代码页 65001)。
D:\PaperSticher\PaperSticher\PaperSticher.cpp(1,1): warning C4828: 文件包含在偏移 0x1c1b 处开始的字符，该字符在当前源字符集中无效(代码页 65001)。
D:\PaperSticher\PaperSticher\PaperSticher.cpp(1,1): warning C4828: 文件包含在偏移 0x1c1c 处开始的字符，该字符在当前源字符集中无效(代码页 65001)。
D:\PaperSticher\PaperSticher\PaperSticher.cpp(1,1): warning C4828: 文件包含在偏移 0x1c1e 处开始的字符，该字符在当前源字符集中无效(代码页 65001)。
D:\PaperSticher\PaperSticher\PaperSticher.cpp(1,1): warning C4828: 文件包含在偏移 0x1c1f 处开始的字符，该字符在当前源字符集中无效(代码页 65001)。
D:\PaperSticher\PaperSticher\PaperSticher.cpp(1,1): warning C4828: 文件包含在偏移 0x1c20 处开始的字符，该字符在当前源字符集中无效(代码页 65001)。
D:\PaperSticher\PaperSticher\PaperSticher.cpp(1,1): warning C4828: 文件包含在偏移 0x1c67 处开始的字符，该字符在当前源字符集中无效(代码页 65001)。
D:\PaperSticher\PaperSticher\PaperSticher.cpp(1,1): warning C4828: 文件包含在偏移 0x1c68 处开始的字符，该字符在当前源字符集中无效(代码页 65001)。
D:\PaperSticher\PaperSticher\PaperSticher.cpp(1,1): warning C4828: 文件包含在偏移 0x1c6a 处开始的字符，该字符在当前源字符集中无效(代码页 65001)。
D:\PaperSticher\PaperSticher\PaperSticher.cpp(1,1): warning C4828: 文件包含在偏移 0x1c6b 处开始的字符，该字符在当前源字符集中无效(代码页 65001)。
D:\PaperSticher\PaperSticher\PaperSticher.cpp(1,1): warning C4828: 文件包含在偏移 0x1c6c 处开始的字符，该字符在当前源字符集中无效(代码页 65001)。
D:\PaperSticher\PaperSticher\PaperSticher.cpp(1,1): warning C4828: 文件包含在偏移 0x1c6d 处开始的字符，该字符在当前源字符集中无效(代码页 65001)。
D:\PaperSticher\PaperSticher\PaperSticher.cpp(1,1): warning C4828: 文件包含在偏移 0x1c6f 处开始的字符，该字符在当前源字符集中无效(代码页 65001)。
D:\PaperSticher\PaperSticher\PaperSticher.cpp(1,1): warning C4828: 文件包含在偏移 0x1c71 处开始的字符，该字符在当前源字符集中无效(代码页 65001)。
D:\PaperSticher\PaperSticher\PaperSticher.cpp(1,1): warning C4828: 文件包含在偏移 0x1c72 处开始的字符，该字符在当前源字符集中无效(代码页 65001)。
D:\PaperSticher\PaperSticher\PaperSticher.cpp(1,1): warning C4828: 文件包含在偏移 0x1c73 处开始的字符，该字符在当前源字符集中无效(代码页 65001)。
D:\PaperSticher\PaperSticher\PaperSticher.cpp(1,1): warning C4828: 文件包含在偏移 0x1c74 处开始的字符，该字符在当前源字符集中无效(代码页 65001)。
D:\PaperSticher\PaperSticher\PaperSticher.cpp(1,1): warning C4828: 文件包含在偏移 0x1c92 处开始的字符，该字符在当前源字符集中无效(代码页 65001)。
D:\PaperSticher\PaperSticher\PaperSticher.cpp(1,1): warning C4828: 文件包含在偏移 0x1c93 处开始的字符，该字符在当前源字符集中无效(代码页 65001)。
D:\PaperSticher\PaperSticher\PaperSticher.cpp(1,1): warning C4828: 文件包含在偏移 0x1c97 处开始的字符，该字符在当前源字符集中无效(代码页 65001)。
D:\PaperSticher\PaperSticher\PaperSticher.cpp(1,1): warning C4828: 文件包含在偏移 0x1c98 处开始的字符，该字符在当前源字符集中无效(代码页 65001)。
D:\PaperSticher\PaperSticher\PaperSticher.cpp(1,1): warning C4828: 文件包含在偏移 0x1d3b 处开始的字符，该字符在当前源字符集中无效(代码页 65001)。
D:\PaperSticher\PaperSticher\PaperSticher.cpp(1,1): warning C4828: 文件包含在偏移 0x1d3f 处开始的字符，该字符在当前源字符集中无效(代码页 65001)。
D:\PaperSticher\PaperSticher\PaperSticher.cpp(1,1): warning C4828: 文件包含在偏移 0x1d41 处开始的字符，该字符在当前源字符集中无效(代码页 65001)。
D:\PaperSticher\PaperSticher\PaperSticher.cpp(1,1): warning C4828: 文件包含在偏移 0x1d42 处开始的字符，该字符在当前源字符集中无效(代码页 65001)。
D:\PaperSticher\PaperSticher\PaperSticher.cpp(1,1): warning C4828: 文件包含在偏移 0x1d4a 处开始的字符，该字符在当前源字符集中无效(代码页 65001)。
D:\PaperSticher\PaperSticher\PaperSticher.cpp(1,1): warning C4828: 文件包含在偏移 0x1d4e 处开始的字符，该字符在当前源字符集中无效(代码页 65001)。
D:\PaperSticher\PaperSticher\PaperSticher.cpp(1,1): warning C4828: 文件包含在偏移 0x1e3a 处开始的字符，该字符在当前源字符集中无效(代码页 65001)。
D:\PaperSticher\PaperSticher\PaperSticher.cpp(1,1): warning C4828: 文件包含在偏移 0x1e3b 处开始的字符，该字符在当前源字符集中无效(代码页 65001)。
D:\PaperSticher\PaperSticher\PaperSticher.cpp(1,1): warning C4828: 文件包含在偏移 0x1e3d 处开始的字符，该字符在当前源字符集中无效(代码页 65001)。
D:\PaperSticher\PaperSticher\PaperSticher.cpp(1,1): warning C4828: 文件包含在偏移 0x1e40 处开始的字符，该字符在当前源字符集中无效(代码页 65001)。
D:\PaperSticher\PaperSticher\PaperSticher.cpp(1,1): warning C4828: 文件包含在偏移 0x1e41 处开始的字符，该字符在当前源字符集中无效(代码页 65001)。
D:\PaperSticher\PaperSticher\PaperSticher.cpp(1,1): warning C4828: 文件包含在偏移 0x1e44 处开始的字符，该字符在当前源字符集中无效(代码页 65001)。
D:\PaperSticher\PaperSticher\PaperSticher.cpp(1,1): warning C4828: 文件包含在偏移 0x1e47 处开始的字符，该字符在当前源字符集中无效(代码页 65001)。
D:\PaperSticher\PaperSticher\PaperSticher.cpp(1,1): warning C4828: 文件包含在偏移 0x1e48 处开始的字符，该字符在当前源字符集中无效(代码页 65001)。
D:\PaperSticher\PaperSticher\PaperSticher.cpp(1,1): warning C4828: 文件包含在偏移 0x1e49 处开始的字符，该字符在当前源字符集中无效(代码页 65001)。
D:\PaperSticher\PaperSticher\PaperSticher.cpp(1,1): warning C4828: 文件包含在偏移 0x1e4b 处开始的字符，该字符在当前源字符集中无效(代码页 65001)。
D:\PaperSticher\PaperSticher\PaperSticher.cpp(1,1): warning C4828: 文件包含在偏移 0x1e4c 处开始的字符，该字符在当前源字符集中无效(代码页 65001)。
D:\PaperSticher\PaperSticher\PaperSticher.cpp(1,1): warning C4828: 文件包含在偏移 0x1e4f 处开始的字符，该字符在当前源字符集中无效(代码页 65001)。
D:\PaperSticher\PaperSticher\PaperSticher.cpp(1,1): warning C4828: 文件包含在偏移 0x1eeb 处开始的字符，该字符在当前源字符集中无效(代码页 65001)。
D:\PaperSticher\PaperSticher\PaperSticher.cpp(1,1): warning C4828: 文件包含在偏移 0x1eec 处开始的字符，该字符在当前源字符集中无效(代码页 65001)。
D:\PaperSticher\PaperSticher\PaperSticher.cpp(1,1): warning C4828: 文件包含在偏移 0x1ef1 处开始的字符，该字符在当前源字符集中无效(代码页 65001)。
D:\PaperSticher\PaperSticher\PaperSticher.cpp(1,1): warning C4828: 文件包含在偏移 0x214c 处开始的字符，该字符在当前源字符集中无效(代码页 65001)。
D:\PaperSticher\PaperSticher\PaperSticher.cpp(1,1): warning C4828: 文件包含在偏移 0x214d 处开始的字符，该字符在当前源字符集中无效(代码页 65001)。
D:\PaperSticher\PaperSticher\PaperSticher.cpp(1,1): warning C4828: 文件包含在偏移 0x2153 处开始的字符，该字符在当前源字符集中无效(代码页 65001)。
D:\PaperSticher\PaperSticher\PaperSticher.cpp(1,1): warning C4828: 文件包含在偏移 0x2154 处开始的字符，该字符在当前源字符集中无效(代码页 65001)。
D:\PaperSticher\PaperSticher\PaperSticher.cpp(1,1): warning C4828: 文件包含在偏移 0x2155 处开始的字符，该字符在当前源字符集中无效(代码页 65001)。
D:\PaperSticher\PaperSticher\PaperSticher.cpp(1,1): warning C4828: 文件包含在偏移 0x2156 处开始的字符，该字符在当前源字符集中无效(代码页 65001)。
D:\PaperSticher\PaperSticher\PaperSticher.cpp(1,1): warning C4828: 文件包含在偏移 0x21a0 处开始的字符，该字符在当前源字符集中无效(代码页 65001)。
D:\PaperSticher\PaperSticher\PaperSticher.cpp(1,1): warning C4828: 文件包含在偏移 0x21a2 处开始的字符，该字符在当前源字符集中无效(代码页 65001)。
D:\PaperSticher\PaperSticher\PaperSticher.cpp(1,1): warning C4828: 文件包含在偏移 0x21a4 处开始的字符，该字符在当前源字符集中无效(代码页 65001)。
D:\PaperSticher\PaperSticher\PaperSticher.cpp(1,1): warning C4828: 文件包含在偏移 0x21a5 处开始的字符，该字符在当前源字符集中无效(代码页 65001)。
D:\PaperSticher\PaperSticher\PaperSticher.cpp(1,1): warning C4828: 文件包含在偏移 0x21a6 处开始的字符，该字符在当前源字符集中无效(代码页 65001)。
D:\PaperSticher\PaperSticher\PaperSticher.cpp(1,1): warning C4828: 文件包含在偏移 0x22a5 处开始的字符，该字符在当前源字符集中无效(代码页 65001)。
D:\PaperSticher\PaperSticher\PaperSticher.cpp(1,1): warning C4828: 文件包含在偏移 0x22a7 处开始的字符，该字符在当前源字符集中无效(代码页 65001)。
D:\PaperSticher\PaperSticher\PaperSticher.cpp(1,1): warning C4828: 文件包含在偏移 0x22a8 处开始的字符，该字符在当前源字符集中无效(代码页 65001)。
D:\PaperSticher\PaperSticher\PaperSticher.cpp(1,1): warning C4828: 文件包含在偏移 0x22a9 处开始的字符，该字符在当前源字符集中无效(代码页 65001)。
D:\PaperSticher\PaperSticher\PaperSticher.cpp(1,1): warning C4828: 文件包含在偏移 0x22b4 处开始的字符，该字符在当前源字符集中无效(代码页 65001)。
D:\PaperSticher\PaperSticher\PaperSticher.cpp(1,1): warning C4828: 文件包含在偏移 0x22bc 处开始的字符，该字符在当前源字符集中无效(代码页 65001)。
D:\PaperSticher\PaperSticher\PaperSticher.cpp(1,1): warning C4828: 文件包含在偏移 0x22bd 处开始的字符，该字符在当前源字符集中无效(代码页 65001)。
D:\PaperSticher\PaperSticher\PaperSticher.cpp(1,1): warning C4828: 文件包含在偏移 0x23d9 处开始的字符，该字符在当前源字符集中无效(代码页 65001)。
D:\PaperSticher\PaperSticher\PaperSticher.cpp(1,1): warning C4828: 文件包含在偏移 0x23da 处开始的字符，该字符在当前源字符集中无效(代码页 65001)。
D:\PaperSticher\PaperSticher\PaperSticher.cpp(1,1): warning C4828: 文件包含在偏移 0x247c 处开始的字符，该字符在当前源字符集中无效(代码页 65001)。
D:\PaperSticher\PaperSticher\PaperSticher.cpp(1,1): warning C4828: 文件包含在偏移 0x247d 处开始的字符，该字符在当前源字符集中无效(代码页 65001)。
D:\PaperSticher\PaperSticher\PaperSticher.cpp(1,1): warning C4828: 文件包含在偏移 0x2481 处开始的字符，该字符在当前源字符集中无效(代码页 65001)。
D:\PaperSticher\PaperSticher\PaperSticher.cpp(1,1): warning C4828: 文件包含在偏移 0x2484 处开始的字符，该字符在当前源字符集中无效(代码页 65001)。
D:\PaperSticher\PaperSticher\PaperSticher.cpp(1,1): warning C4828: 文件包含在偏移 0x248d 处开始的字符，该字符在当前源字符集中无效(代码页 65001)。
D:\PaperSticher\PaperSticher\PaperSticher.cpp(1,1): warning C4828: 文件包含在偏移 0x24d6 处开始的字符，该字符在当前源字符集中无效(代码页 65001)。
D:\PaperSticher\PaperSticher\PaperSticher.cpp(1,1): warning C4828: 文件包含在偏移 0x24d7 处开始的字符，该字符在当前源字符集中无效(代码页 65001)。
D:\PaperSticher\PaperSticher\PaperSticher.cpp(1,1): warning C4828: 文件包含在偏移 0x24d8 处开始的字符，该字符在当前源字符集中无效(代码页 65001)。
D:\PaperSticher\PaperSticher\PaperSticher.cpp(1,1): warning C4828: 文件包含在偏移 0x24dc 处开始的字符，该字符在当前源字符集中无效(代码页 65001)。
D:\PaperSticher\PaperSticher\PaperSticher.cpp(1,1): warning C4828: 文件包含在偏移 0x24de 处开始的字符，该字符在当前源字符集中无效(代码页 65001)。
D:\PaperSticher\PaperSticher\PaperSticher.cpp(1,1): warning C4828: 文件包含在偏移 0x24df 处开始的字符，该字符在当前源字符集中无效(代码页 65001)。
D:\PaperSticher\PaperSticher\PaperSticher.cpp(1,1): warning C4828: 文件包含在偏移 0x24e2 处开始的字符，该字符在当前源字符集中无效(代码页 65001)。
D:\PaperSticher\PaperSticher\PaperSticher.cpp(1,1): warning C4828: 文件包含在偏移 0x24e3 处开始的字符，该字符在当前源字符集中无效(代码页 65001)。
D:\PaperSticher\PaperSticher\PaperSticher.cpp(1,1): warning C4828: 文件包含在偏移 0x24e5 处开始的字符，该字符在当前源字符集中无效(代码页 65001)。
D:\PaperSticher\PaperSticher\PaperSticher.cpp(1,1): warning C4828: 文件包含在偏移 0x2506 处开始的字符，该字符在当前源字符集中无效(代码页 65001)。
D:\PaperSticher\PaperSticher\PaperSticher.cpp(1,1): warning C4828: 文件包含在偏移 0x2507 处开始的字符，该字符在当前源字符集中无效(代码页 65001)。
D:\PaperSticher\PaperSticher\PaperSticher.cpp(1,1): warning C4828: 文件包含在偏移 0x2509 处开始的字符，该字符在当前源字符集中无效(代码页 65001)。
D:\PaperSticher\PaperSticher\PaperSticher.cpp(1,1): warning C4828: 文件包含在偏移 0x250c 处开始的字符，该字符在当前源字符集中无效(代码页 65001)。
D:\PaperSticher\PaperSticher\PaperSticher.cpp(1,1): warning C4828: 文件包含在偏移 0x250d 处开始的字符，该字符在当前源字符集中无效(代码页 65001)。
D:\PaperSticher\PaperSticher\PaperSticher.cpp(1,1): warning C4828: 文件包含在偏移 0x2512 处开始的字符，该字符在当前源字符集中无效(代码页 65001)。
D:\PaperSticher\PaperSticher\PaperSticher.cpp(1,1): warning C4828: 文件包含在偏移 0x2514 处开始的字符，该字符在当前源字符集中无效(代码页 65001)。
D:\PaperSticher\PaperSticher\PaperSticher.cpp(1,1): warning C4828: 文件包含在偏移 0x2516 处开始的字符，该字符在当前源字符集中无效(代码页 65001)。
D:\PaperSticher\PaperSticher\PaperSticher.cpp(1,1): warning C4828: 文件包含在偏移 0x2518 处开始的字符，该字符在当前源字符集中无效(代码页 65001)。
D:\PaperSticher\PaperSticher\PaperSticher.cpp(1,1): warning C4828: 文件包含在偏移 0x2519 处开始的字符，该字符在当前源字符集中无效(代码页 65001)。
D:\PaperSticher\PaperSticher\PaperSticher.cpp(1,1): warning C4828: 文件包含在偏移 0x251f 处开始的字符，该字符在当前源字符集中无效(代码页 65001)。
D:\PaperSticher\PaperSticher\PaperSticher.cpp(1,1): warning C4828: 文件包含在偏移 0x2520 处开始的字符，该字符在当前源字符集中无效(代码页 65001)。
D:\PaperSticher\PaperSticher\PaperSticher.cpp(1,1): warning C4828: 文件包含在偏移 0x252c 处开始的字符，该字符在当前源字符集中无效(代码页 65001)。
D:\PaperSticher\PaperSticher\PaperSticher.cpp(1,1): warning C4828: 文件包含在偏移 0x252d 处开始的字符，该字符在当前源字符集中无效(代码页 65001)。
D:\PaperSticher\PaperSticher\PaperSticher.cpp(1,1): warning C4828: 文件包含在偏移 0x252f 处开始的字符，该字符在当前源字符集中无效(代码页 65001)。
D:\PaperSticher\PaperSticher\PaperSticher.cpp(1,1): warning C4828: 文件包含在偏移 0x2532 处开始的字符，该字符在当前源字符集中无效(代码页 65001)。
D:\PaperSticher\PaperSticher\PaperSticher.cpp(1,1): warning C4828: 文件包含在偏移 0x2539 处开始的字符，该字符在当前源字符集中无效(代码页 65001)。
D:\PaperSticher\PaperSticher\PaperSticher.cpp(1,1): warning C4828: 文件包含在偏移 0x2570 处开始的字符，该字符在当前源字符集中无效(代码页 65001)。
D:\PaperSticher\PaperSticher\PaperSticher.cpp(1,1): warning C4828: 文件包含在偏移 0x2571 处开始的字符，该字符在当前源字符集中无效(代码页 65001)。
D:\PaperSticher\PaperSticher\PaperSticher.cpp(1,1): warning C4828: 文件包含在偏移 0x2572 处开始的字符，该字符在当前源字符集中无效(代码页 65001)。
D:\PaperSticher\PaperSticher\PaperSticher.cpp(1,1): warning C4828: 文件包含在偏移 0x2573 处开始的字符，该字符在当前源字符集中无效(代码页 65001)。
D:\PaperSticher\PaperSticher\PaperSticher.cpp(1,1): warning C4828: 文件包含在偏移 0x2576 处开始的字符，该字符在当前源字符集中无效(代码页 65001)。
D:\PaperSticher\PaperSticher\PaperSticher.cpp(1,1): warning C4828: 文件包含在偏移 0x2577 处开始的字符，该字符在当前源字符集中无效(代码页 65001)。
D:\PaperSticher\PaperSticher\PaperSticher.cpp(1,1): warning C4828: 文件包含在偏移 0x2578 处开始的字符，该字符在当前源字符集中无效(代码页 65001)。
D:\PaperSticher\PaperSticher\PaperSticher.cpp(1,1): warning C4828: 文件包含在偏移 0x2579 处开始的字符，该字符在当前源字符集中无效(代码页 65001)。
D:\PaperSticher\PaperSticher\PaperSticher.cpp(1,1): warning C4828: 文件包含在偏移 0x2580 处开始的字符，该字符在当前源字符集中无效(代码页 65001)。
D:\PaperSticher\PaperSticher\PaperSticher.cpp(1,1): warning C4828: 文件包含在偏移 0x2582 处开始的字符，该字符在当前源字符集中无效(代码页 65001)。
D:\PaperSticher\PaperSticher\PaperSticher.cpp(1,1): warning C4828: 文件包含在偏移 0x2608 处开始的字符，该字符在当前源字符集中无效(代码页 65001)。
D:\PaperSticher\PaperSticher\PaperSticher.cpp(1,1): warning C4828: 文件包含在偏移 0x260a 处开始的字符，该字符在当前源字符集中无效(代码页 65001)。
D:\PaperSticher\PaperSticher\PaperSticher.cpp(1,1): warning C4828: 文件包含在偏移 0x260c 处开始的字符，该字符在当前源字符集中无效(代码页 65001)。
D:\PaperSticher\PaperSticher\PaperSticher.cpp(1,1): warning C4828: 文件包含在偏移 0x260d 处开始的字符，该字符在当前源字符集中无效(代码页 65001)。
D:\PaperSticher\PaperSticher\PaperSticher.cpp(1,1): warning C4828: 文件包含在偏移 0x260e 处开始的字符，该字符在当前源字符集中无效(代码页 65001)。
D:\PaperSticher\PaperSticher\PaperSticher.cpp(1,1): warning C4828: 文件包含在偏移 0x2610 处开始的字符，该字符在当前源字符集中无效(代码页 65001)。
D:\PaperSticher\PaperSticher\PaperSticher.cpp(1,1): warning C4828: 文件包含在偏移 0x2612 处开始的字符，该字符在当前源字符集中无效(代码页 65001)。
D:\PaperSticher\PaperSticher\PaperSticher.cpp(1,1): warning C4828: 文件包含在偏移 0x2613 处开始的字符，该字符在当前源字符集中无效(代码页 65001)。
D:\PaperSticher\PaperSticher\PaperSticher.cpp(1,1): warning C4828: 文件包含在偏移 0x2615 处开始的字符，该字符在当前源字符集中无效(代码页 65001)。
D:\PaperSticher\PaperSticher\PaperSticher.cpp(1,1): warning C4828: 文件包含在偏移 0x2619 处开始的字符，该字符在当前源字符集中无效(代码页 65001)。
D:\PaperSticher\PaperSticher\PaperSticher.cpp(1,1): warning C4828: 文件包含在偏移 0x261b 处开始的字符，该字符在当前源字符集中无效(代码页 65001)。
D:\PaperSticher\PaperSticher\PaperSticher.cpp(1,1): warning C4828: 文件包含在偏移 0x261c 处开始的字符，该字符在当前源字符集中无效(代码页 65001)。
D:\PaperSticher\PaperSticher\PaperSticher.cpp(1,1): warning C4828: 文件包含在偏移 0x2687 处开始的字符，该字符在当前源字符集中无效(代码页 65001)。
D:\PaperSticher\PaperSticher\PaperSticher.cpp(1,1): warning C4828: 文件包含在偏移 0x2689 处开始的字符，该字符在当前源字符集中无效(代码页 65001)。
D:\PaperSticher\PaperSticher\PaperSticher.cpp(1,1): warning C4828: 文件包含在偏移 0x268a 处开始的字符，该字符在当前源字符集中无效(代码页 65001)。
D:\PaperSticher\PaperSticher\PaperSticher.cpp(1,1): warning C4828: 文件包含在偏移 0x268f 处开始的字符，该字符在当前源字符集中无效(代码页 65001)。
D:\PaperSticher\PaperSticher\PaperSticher.cpp(1,1): warning C4828: 文件包含在偏移 0x2690 处开始的字符，该字符在当前源字符集中无效(代码页 65001)。
D:\PaperSticher\PaperSticher\PaperSticher.cpp(1,1): warning C4828: 文件包含在偏移 0x2691 处开始的字符，该字符在当前源字符集中无效(代码页 65001)。
D:\PaperSticher\PaperSticher\PaperSticher.cpp(1,1): warning C4828: 文件包含在偏移 0x2692 处开始的字符，该字符在当前源字符集中无效(代码页 65001)。
D:\PaperSticher\PaperSticher\PaperSticher.cpp(1,1): warning C4828: 文件包含在偏移 0x2693 处开始的字符，该字符在当前源字符集中无效(代码页 65001)。
D:\PaperSticher\PaperSticher\PaperSticher.cpp(1,1): warning C4828: 文件包含在偏移 0x2694 处开始的字符，该字符在当前源字符集中无效(代码页 65001)。
D:\PaperSticher\PaperSticher\PaperSticher.cpp(1,1): warning C4828: 文件包含在偏移 0x26e7 处开始的字符，该字符在当前源字符集中无效(代码页 65001)。
D:\PaperSticher\PaperSticher\PaperSticher.cpp(1,1): warning C4828: 文件包含在偏移 0x26e8 处开始的字符，该字符在当前源字符集中无效(代码页 65001)。
D:\PaperSticher\PaperSticher\PaperSticher.cpp(1,1): warning C4828: 文件包含在偏移 0x26ec 处开始的字符，该字符在当前源字符集中无效(代码页 65001)。
D:\PaperSticher\PaperSticher\PaperSticher.cpp(1,1): warning C4828: 文件包含在偏移 0x26f0 处开始的字符，该字符在当前源字符集中无效(代码页 65001)。
D:\PaperSticher\PaperSticher\PaperSticher.cpp(1,1): warning C4828: 文件包含在偏移 0x26f4 处开始的字符，该字符在当前源字符集中无效(代码页 65001)。
D:\PaperSticher\PaperSticher\PaperSticher.cpp(1,1): warning C4828: 文件包含在偏移 0x275e 处开始的字符，该字符在当前源字符集中无效(代码页 65001)。
D:\PaperSticher\PaperSticher\PaperSticher.cpp(1,1): warning C4828: 文件包含在偏移 0x2760 处开始的字符，该字符在当前源字符集中无效(代码页 65001)。
D:\PaperSticher\PaperSticher\PaperSticher.cpp(1,1): warning C4828: 文件包含在偏移 0x2761 处开始的字符，该字符在当前源字符集中无效(代码页 65001)。
D:\PaperSticher\PaperSticher\PaperSticher.cpp(1,1): warning C4828: 文件包含在偏移 0x27db 处开始的字符，该字符在当前源字符集中无效(代码页 65001)。
D:\PaperSticher\PaperSticher\PaperSticher.cpp(1,1): warning C4828: 文件包含在偏移 0x27dd 处开始的字符，该字符在当前源字符集中无效(代码页 65001)。
D:\PaperSticher\PaperSticher\PaperSticher.cpp(1,1): warning C4828: 文件包含在偏移 0x27e0 处开始的字符，该字符在当前源字符集中无效(代码页 65001)。
D:\PaperSticher\PaperSticher\PaperSticher.cpp(1,1): warning C4828: 文件包含在偏移 0x27e1 处开始的字符，该字符在当前源字符集中无效(代码页 65001)。
D:\PaperSticher\PaperSticher\PaperSticher.cpp(1,1): warning C4828: 文件包含在偏移 0x27e2 处开始的字符，该字符在当前源字符集中无效(代码页 65001)。
D:\PaperSticher\PaperSticher\PaperSticher.cpp(1,1): warning C4828: 文件包含在偏移 0x27e5 处开始的字符，该字符在当前源字符集中无效(代码页 65001)。
D:\PaperSticher\PaperSticher\PaperSticher.cpp(1,1): warning C4828: 文件包含在偏移 0x27e6 处开始的字符，该字符在当前源字符集中无效(代码页 65001)。
D:\PaperSticher\PaperSticher\PaperSticher.cpp(1,1): warning C4828: 文件包含在偏移 0x27e7 处开始的字符，该字符在当前源字符集中无效(代码页 65001)。
D:\PaperSticher\PaperSticher\PaperSticher.cpp(1,1): warning C4828: 文件包含在偏移 0x27e8 处开始的字符，该字符在当前源字符集中无效(代码页 65001)。
D:\PaperSticher\PaperSticher\PaperSticher.cpp(1,1): warning C4828: 文件包含在偏移 0x27ea 处开始的字符，该字符在当前源字符集中无效(代码页 65001)。
D:\PaperSticher\PaperSticher\PaperSticher.cpp(1,1): warning C4828: 文件包含在偏移 0x27eb 处开始的字符，该字符在当前源字符集中无效(代码页 65001)。
D:\PaperSticher\PaperSticher\PaperSticher.cpp(1,1): warning C4828: 文件包含在偏移 0x27ec 处开始的字符，该字符在当前源字符集中无效(代码页 65001)。
D:\PaperSticher\PaperSticher\PaperSticher.cpp(1,1): warning C4828: 文件包含在偏移 0x2930 处开始的字符，该字符在当前源字符集中无效(代码页 65001)。
D:\PaperSticher\PaperSticher\PaperSticher.cpp(1,1): warning C4828: 文件包含在偏移 0x2931 处开始的字符，该字符在当前源字符集中无效(代码页 65001)。
D:\PaperSticher\PaperSticher\PaperSticher.cpp(1,1): warning C4828: 文件包含在偏移 0x2932 处开始的字符，该字符在当前源字符集中无效(代码页 65001)。
D:\PaperSticher\PaperSticher\PaperSticher.cpp(1,1): warning C4828: 文件包含在偏移 0x2933 处开始的字符，该字符在当前源字符集中无效(代码页 65001)。
D:\PaperSticher\PaperSticher\PaperSticher.cpp(1,1): warning C4828: 文件包含在偏移 0x2936 处开始的字符，该字符在当前源字符集中无效(代码页 65001)。
D:\PaperSticher\PaperSticher\PaperSticher.cpp(1,1): warning C4828: 文件包含在偏移 0x2937 处开始的字符，该字符在当前源字符集中无效(代码页 65001)。
D:\PaperSticher\PaperSticher\PaperSticher.cpp(1,1): warning C4828: 文件包含在偏移 0x293a 处开始的字符，该字符在当前源字符集中无效(代码页 65001)。
D:\PaperSticher\PaperSticher\PaperSticher.cpp(1,1): warning C4828: 文件包含在偏移 0x293b 处开始的字符，该字符在当前源字符集中无效(代码页 65001)。
D:\PaperSticher\PaperSticher\PaperSticher.cpp(1,1): warning C4828: 文件包含在偏移 0x293d 处开始的字符，该字符在当前源字符集中无效(代码页 65001)。
D:\PaperSticher\PaperSticher\PaperSticher.cpp(1,1): warning C4828: 文件包含在偏移 0x29c5 处开始的字符，该字符在当前源字符集中无效(代码页 65001)。
D:\PaperSticher\PaperSticher\PaperSticher.cpp(1,1): warning C4828: 文件包含在偏移 0x29c7 处开始的字符，该字符在当前源字符集中无效(代码页 65001)。
D:\PaperSticher\PaperSticher\PaperSticher.cpp(1,1): warning C4828: 文件包含在偏移 0x29ca 处开始的字符，该字符在当前源字符集中无效(代码页 65001)。
D:\PaperSticher\PaperSticher\PaperSticher.cpp(1,1): warning C4828: 文件包含在偏移 0x29cb 处开始的字符，该字符在当前源字符集中无效(代码页 65001)。
D:\PaperSticher\PaperSticher\PaperSticher.cpp(1,1): warning C4828: 文件包含在偏移 0x29cc 处开始的字符，该字符在当前源字符集中无效(代码页 65001)。
D:\PaperSticher\PaperSticher\PaperSticher.cpp(1,1): warning C4828: 文件包含在偏移 0x29d0 处开始的字符，该字符在当前源字符集中无效(代码页 65001)。
D:\PaperSticher\PaperSticher\PaperSticher.cpp(1,1): warning C4828: 文件包含在偏移 0x29d1 处开始的字符，该字符在当前源字符集中无效(代码页 65001)。
D:\PaperSticher\PaperSticher\PaperSticher.cpp(1,1): warning C4828: 文件包含在偏移 0x29d2 处开始的字符，该字符在当前源字符集中无效(代码页 65001)。
D:\PaperSticher\PaperSticher\PaperSticher.cpp(1,1): warning C4828: 文件包含在偏移 0x29d3 处开始的字符，该字符在当前源字符集中无效(代码页 65001)。
D:\PaperSticher\PaperSticher\PaperSticher.cpp(1,1): warning C4828: 文件包含在偏移 0x29d4 处开始的字符，该字符在当前源字符集中无效(代码页 65001)。
D:\PaperSticher\PaperSticher\PaperSticher.cpp(1,1): warning C4828: 文件包含在偏移 0x2a65 处开始的字符，该字符在当前源字符集中无效(代码页 65001)。
D:\PaperSticher\PaperSticher\PaperSticher.cpp(1,1): warning C4828: 文件包含在偏移 0x2a66 处开始的字符，该字符在当前源字符集中无效(代码页 65001)。
D:\PaperSticher\PaperSticher\PaperSticher.cpp(1,1): warning C4828: 文件包含在偏移 0x2a6a 处开始的字符，该字符在当前源字符集中无效(代码页 65001)。
D:\PaperSticher\PaperSticher\PaperSticher.cpp(1,1): warning C4828: 文件包含在偏移 0x2a6b 处开始的字符，该字符在当前源字符集中无效(代码页 65001)。
D:\PaperSticher\PaperSticher\PaperSticher.cpp(1,1): warning C4828: 文件包含在偏移 0x2a6c 处开始的字符，该字符在当前源字符集中无效(代码页 65001)。
D:\PaperSticher\PaperSticher\PaperSticher.cpp(1,1): warning C4828: 文件包含在偏移 0x2a6f 处开始的字符，该字符在当前源字符集中无效(代码页 65001)。
D:\PaperSticher\PaperSticher\PaperSticher.cpp(1,1): warning C4828: 文件包含在偏移 0x2a70 处开始的字符，该字符在当前源字符集中无效(代码页 65001)。
D:\PaperSticher\PaperSticher\PaperSticher.cpp(66,13): error C2001: 常量中有换行符
D:\PaperSticher\PaperSticher\PaperSticher.cpp(67,5): error C2146: 语法错误: 缺少“;”(在标识符“cin”的前面)
D:\PaperSticher\PaperSticher\PaperSticher.cpp(464,43): error C2001: 常量中有换行符
D:\PaperSticher\PaperSticher\PaperSticher.cpp(465,9): error C2143: 语法错误: 缺少“;”(在“}”的前面)
D:\PaperSticher\PaperSticher\PaperSticher.cpp(470,13): error C2001: 常量中有换行符
D:\PaperSticher\PaperSticher\PaperSticher.cpp(471,5): error C2143: 语法错误: 缺少“;”(在“return”的前面)
